18:24:57.383 [NamespaceSystem-akka.actor.default-dispatcher-4] INFO akka.event.slf4j.Slf4jLogger - Slf4jLogger started
18:24:57.661 [main] INFO com.firebase.server.forge.App$ - Listening at localhost:9000
18:29:01.508 [TriggersWorkerPool-3-2] ERROR com.firebase.server.client.GCFEmulatorPublisher - ece1140-default-rtdb failed to publish trigger to functions emulator with exception
com.firebase.server.client.ChannelClosedException$: The underlying socket was closed and released from the connection pool
	at com.firebase.server.client.ChannelClosedException$.<clinit>(SingleHostChannelPool.scala)
	at com.firebase.server.client.NettyHttpBesieger.$anonfun$channelCreated$2(NettyHttpBesieger.scala:174)
	at com.firebase.server.client.NettyHttpBesieger.$anonfun$channelCreated$2$adapted(NettyHttpBesieger.scala:173)
	at com.firebase.server.util.package$NettyFutureAdapter.$anonfun$onComplete$1(package.scala:85)
	at io.netty.util.concurrent.DefaultPromise.notifyListener0(DefaultPromise.java:507)
	at io.netty.util.concurrent.DefaultPromise.notifyListenersNow(DefaultPromise.java:481)
	at io.netty.util.concurrent.DefaultPromise.notifyListeners(DefaultPromise.java:420)
	at io.netty.util.concurrent.DefaultPromise.trySuccess(DefaultPromise.java:104)
	at io.netty.channel.DefaultChannelPromise.trySuccess(DefaultChannelPromise.java:82)
	at io.netty.channel.AbstractChannel$CloseFuture.setClosed(AbstractChannel.java:1002)
	at io.netty.channel.AbstractChannel$AbstractUnsafe.doClose0(AbstractChannel.java:632)
	at io.netty.channel.AbstractChannel$AbstractUnsafe.close(AbstractChannel.java:610)
	at io.netty.channel.AbstractChannel$AbstractUnsafe.close(AbstractChannel.java:553)
	at io.netty.channel.nio.AbstractNioByteChannel$NioByteUnsafe.closeOnRead(AbstractNioByteChannel.java:71)
	at io.netty.channel.nio.AbstractNioByteChannel$NioByteUnsafe.read(AbstractNioByteChannel.java:158)
	at io.netty.channel.nio.NioEventLoop.processSelectedKey(NioEventLoop.java:646)
	at io.netty.channel.nio.NioEventLoop.processSelectedKeysOptimized(NioEventLoop.java:581)
	at io.netty.channel.nio.NioEventLoop.processSelectedKeys(NioEventLoop.java:498)
	at io.netty.channel.nio.NioEventLoop.run(NioEventLoop.java:460)
	at io.netty.util.concurrent.SingleThreadEventExecutor$2.run(SingleThreadEventExecutor.java:131)
	at io.netty.util.concurrent.DefaultThreadFactory$DefaultRunnableDecorator.run(DefaultThreadFactory.java:138)
	at java.lang.Thread.run(Unknown Source)
18:34:13.358 [TriggersWorkerPool-3-2] ERROR com.firebase.server.client.GCFEmulatorPublisher - ece1140-default-rtdb failed to publish trigger to functions emulator with exception
com.firebase.server.client.ChannelClosedException$: The underlying socket was closed and released from the connection pool
	at com.firebase.server.client.ChannelClosedException$.<clinit>(SingleHostChannelPool.scala)
	at com.firebase.server.client.NettyHttpBesieger.$anonfun$channelCreated$2(NettyHttpBesieger.scala:174)
	at com.firebase.server.client.NettyHttpBesieger.$anonfun$channelCreated$2$adapted(NettyHttpBesieger.scala:173)
	at com.firebase.server.util.package$NettyFutureAdapter.$anonfun$onComplete$1(package.scala:85)
	at io.netty.util.concurrent.DefaultPromise.notifyListener0(DefaultPromise.java:507)
	at io.netty.util.concurrent.DefaultPromise.notifyListenersNow(DefaultPromise.java:481)
	at io.netty.util.concurrent.DefaultPromise.notifyListeners(DefaultPromise.java:420)
	at io.netty.util.concurrent.DefaultPromise.trySuccess(DefaultPromise.java:104)
	at io.netty.channel.DefaultChannelPromise.trySuccess(DefaultChannelPromise.java:82)
	at io.netty.channel.AbstractChannel$CloseFuture.setClosed(AbstractChannel.java:1002)
	at io.netty.channel.AbstractChannel$AbstractUnsafe.doClose0(AbstractChannel.java:632)
	at io.netty.channel.AbstractChannel$AbstractUnsafe.close(AbstractChannel.java:610)
	at io.netty.channel.AbstractChannel$AbstractUnsafe.close(AbstractChannel.java:553)
	at io.netty.channel.nio.AbstractNioByteChannel$NioByteUnsafe.closeOnRead(AbstractNioByteChannel.java:71)
	at io.netty.channel.nio.AbstractNioByteChannel$NioByteUnsafe.read(AbstractNioByteChannel.java:158)
	at io.netty.channel.nio.NioEventLoop.processSelectedKey(NioEventLoop.java:646)
	at io.netty.channel.nio.NioEventLoop.processSelectedKeysOptimized(NioEventLoop.java:581)
	at io.netty.channel.nio.NioEventLoop.processSelectedKeys(NioEventLoop.java:498)
	at io.netty.channel.nio.NioEventLoop.run(NioEventLoop.java:460)
	at io.netty.util.concurrent.SingleThreadEventExecutor$2.run(SingleThreadEventExecutor.java:131)
	at io.netty.util.concurrent.DefaultThreadFactory$DefaultRunnableDecorator.run(DefaultThreadFactory.java:138)
	at java.lang.Thread.run(Unknown Source)
18:37:14.767 [TriggersWorkerPool-3-2] ERROR com.firebase.server.client.GCFEmulatorPublisher - ece1140-default-rtdb failed to publish trigger to functions emulator with exception
com.firebase.server.client.ChannelClosedException$: The underlying socket was closed and released from the connection pool
	at com.firebase.server.client.ChannelClosedException$.<clinit>(SingleHostChannelPool.scala)
	at com.firebase.server.client.NettyHttpBesieger.$anonfun$channelCreated$2(NettyHttpBesieger.scala:174)
	at com.firebase.server.client.NettyHttpBesieger.$anonfun$channelCreated$2$adapted(NettyHttpBesieger.scala:173)
	at com.firebase.server.util.package$NettyFutureAdapter.$anonfun$onComplete$1(package.scala:85)
	at io.netty.util.concurrent.DefaultPromise.notifyListener0(DefaultPromise.java:507)
	at io.netty.util.concurrent.DefaultPromise.notifyListenersNow(DefaultPromise.java:481)
	at io.netty.util.concurrent.DefaultPromise.notifyListeners(DefaultPromise.java:420)
	at io.netty.util.concurrent.DefaultPromise.trySuccess(DefaultPromise.java:104)
	at io.netty.channel.DefaultChannelPromise.trySuccess(DefaultChannelPromise.java:82)
	at io.netty.channel.AbstractChannel$CloseFuture.setClosed(AbstractChannel.java:1002)
	at io.netty.channel.AbstractChannel$AbstractUnsafe.doClose0(AbstractChannel.java:632)
	at io.netty.channel.AbstractChannel$AbstractUnsafe.close(AbstractChannel.java:610)
	at io.netty.channel.AbstractChannel$AbstractUnsafe.close(AbstractChannel.java:553)
	at io.netty.channel.nio.AbstractNioByteChannel$NioByteUnsafe.closeOnRead(AbstractNioByteChannel.java:71)
	at io.netty.channel.nio.AbstractNioByteChannel$NioByteUnsafe.read(AbstractNioByteChannel.java:158)
	at io.netty.channel.nio.NioEventLoop.processSelectedKey(NioEventLoop.java:646)
	at io.netty.channel.nio.NioEventLoop.processSelectedKeysOptimized(NioEventLoop.java:581)
	at io.netty.channel.nio.NioEventLoop.processSelectedKeys(NioEventLoop.java:498)
	at io.netty.channel.nio.NioEventLoop.run(NioEventLoop.java:460)
	at io.netty.util.concurrent.SingleThreadEventExecutor$2.run(SingleThreadEventExecutor.java:131)
	at io.netty.util.concurrent.DefaultThreadFactory$DefaultRunnableDecorator.run(DefaultThreadFactory.java:138)
	at java.lang.Thread.run(Unknown Source)
18:37:14.767 [TriggersWorkerPool-3-1] ERROR com.firebase.server.client.GCFEmulatorPublisher - ece1140-default-rtdb failed to publish trigger to functions emulator with exception
com.firebase.server.client.ChannelClosedException$: The underlying socket was closed and released from the connection pool
	at com.firebase.server.client.ChannelClosedException$.<clinit>(SingleHostChannelPool.scala)
	at com.firebase.server.client.NettyHttpBesieger.$anonfun$channelCreated$2(NettyHttpBesieger.scala:174)
	at com.firebase.server.client.NettyHttpBesieger.$anonfun$channelCreated$2$adapted(NettyHttpBesieger.scala:173)
	at com.firebase.server.util.package$NettyFutureAdapter.$anonfun$onComplete$1(package.scala:85)
	at io.netty.util.concurrent.DefaultPromise.notifyListener0(DefaultPromise.java:507)
	at io.netty.util.concurrent.DefaultPromise.notifyListenersNow(DefaultPromise.java:481)
	at io.netty.util.concurrent.DefaultPromise.notifyListeners(DefaultPromise.java:420)
	at io.netty.util.concurrent.DefaultPromise.trySuccess(DefaultPromise.java:104)
	at io.netty.channel.DefaultChannelPromise.trySuccess(DefaultChannelPromise.java:82)
	at io.netty.channel.AbstractChannel$CloseFuture.setClosed(AbstractChannel.java:1002)
	at io.netty.channel.AbstractChannel$AbstractUnsafe.doClose0(AbstractChannel.java:632)
	at io.netty.channel.AbstractChannel$AbstractUnsafe.close(AbstractChannel.java:610)
	at io.netty.channel.AbstractChannel$AbstractUnsafe.close(AbstractChannel.java:553)
	at io.netty.channel.nio.AbstractNioByteChannel$NioByteUnsafe.closeOnRead(AbstractNioByteChannel.java:71)
	at io.netty.channel.nio.AbstractNioByteChannel$NioByteUnsafe.read(AbstractNioByteChannel.java:158)
	at io.netty.channel.nio.NioEventLoop.processSelectedKey(NioEventLoop.java:646)
	at io.netty.channel.nio.NioEventLoop.processSelectedKeysOptimized(NioEventLoop.java:581)
	at io.netty.channel.nio.NioEventLoop.processSelectedKeys(NioEventLoop.java:498)
	at io.netty.channel.nio.NioEventLoop.run(NioEventLoop.java:460)
	at io.netty.util.concurrent.SingleThreadEventExecutor$2.run(SingleThreadEventExecutor.java:131)
	at io.netty.util.concurrent.DefaultThreadFactory$DefaultRunnableDecorator.run(DefaultThreadFactory.java:138)
	at java.lang.Thread.run(Unknown Source)
18:37:32.205 [TriggersWorkerPool-3-1] ERROR com.firebase.server.client.GCFEmulatorPublisher - ece1140-default-rtdb failed to publish trigger to functions emulator with exception
com.firebase.server.client.ChannelClosedException$: The underlying socket was closed and released from the connection pool
	at com.firebase.server.client.ChannelClosedException$.<clinit>(SingleHostChannelPool.scala)
	at com.firebase.server.client.NettyHttpBesieger.$anonfun$channelCreated$2(NettyHttpBesieger.scala:174)
	at com.firebase.server.client.NettyHttpBesieger.$anonfun$channelCreated$2$adapted(NettyHttpBesieger.scala:173)
	at com.firebase.server.util.package$NettyFutureAdapter.$anonfun$onComplete$1(package.scala:85)
	at io.netty.util.concurrent.DefaultPromise.notifyListener0(DefaultPromise.java:507)
	at io.netty.util.concurrent.DefaultPromise.notifyListenersNow(DefaultPromise.java:481)
	at io.netty.util.concurrent.DefaultPromise.notifyListeners(DefaultPromise.java:420)
	at io.netty.util.concurrent.DefaultPromise.trySuccess(DefaultPromise.java:104)
	at io.netty.channel.DefaultChannelPromise.trySuccess(DefaultChannelPromise.java:82)
	at io.netty.channel.AbstractChannel$CloseFuture.setClosed(AbstractChannel.java:1002)
	at io.netty.channel.AbstractChannel$AbstractUnsafe.doClose0(AbstractChannel.java:632)
	at io.netty.channel.AbstractChannel$AbstractUnsafe.close(AbstractChannel.java:610)
	at io.netty.channel.AbstractChannel$AbstractUnsafe.close(AbstractChannel.java:553)
	at io.netty.channel.nio.AbstractNioByteChannel$NioByteUnsafe.closeOnRead(AbstractNioByteChannel.java:71)
	at io.netty.channel.nio.AbstractNioByteChannel$NioByteUnsafe.read(AbstractNioByteChannel.java:158)
	at io.netty.channel.nio.NioEventLoop.processSelectedKey(NioEventLoop.java:646)
	at io.netty.channel.nio.NioEventLoop.processSelectedKeysOptimized(NioEventLoop.java:581)
	at io.netty.channel.nio.NioEventLoop.processSelectedKeys(NioEventLoop.java:498)
	at io.netty.channel.nio.NioEventLoop.run(NioEventLoop.java:460)
	at io.netty.util.concurrent.SingleThreadEventExecutor$2.run(SingleThreadEventExecutor.java:131)
	at io.netty.util.concurrent.DefaultThreadFactory$DefaultRunnableDecorator.run(DefaultThreadFactory.java:138)
	at java.lang.Thread.run(Unknown Source)
18:37:32.205 [TriggersWorkerPool-3-2] ERROR com.firebase.server.client.GCFEmulatorPublisher - ece1140-default-rtdb failed to publish trigger to functions emulator with exception
com.firebase.server.client.ChannelClosedException$: The underlying socket was closed and released from the connection pool
	at com.firebase.server.client.ChannelClosedException$.<clinit>(SingleHostChannelPool.scala)
	at com.firebase.server.client.NettyHttpBesieger.$anonfun$channelCreated$2(NettyHttpBesieger.scala:174)
	at com.firebase.server.client.NettyHttpBesieger.$anonfun$channelCreated$2$adapted(NettyHttpBesieger.scala:173)
	at com.firebase.server.util.package$NettyFutureAdapter.$anonfun$onComplete$1(package.scala:85)
	at io.netty.util.concurrent.DefaultPromise.notifyListener0(DefaultPromise.java:507)
	at io.netty.util.concurrent.DefaultPromise.notifyListenersNow(DefaultPromise.java:481)
	at io.netty.util.concurrent.DefaultPromise.notifyListeners(DefaultPromise.java:420)
	at io.netty.util.concurrent.DefaultPromise.trySuccess(DefaultPromise.java:104)
	at io.netty.channel.DefaultChannelPromise.trySuccess(DefaultChannelPromise.java:82)
	at io.netty.channel.AbstractChannel$CloseFuture.setClosed(AbstractChannel.java:1002)
	at io.netty.channel.AbstractChannel$AbstractUnsafe.doClose0(AbstractChannel.java:632)
	at io.netty.channel.AbstractChannel$AbstractUnsafe.close(AbstractChannel.java:610)
	at io.netty.channel.AbstractChannel$AbstractUnsafe.close(AbstractChannel.java:553)
	at io.netty.channel.nio.AbstractNioByteChannel$NioByteUnsafe.closeOnRead(AbstractNioByteChannel.java:71)
	at io.netty.channel.nio.AbstractNioByteChannel$NioByteUnsafe.read(AbstractNioByteChannel.java:158)
	at io.netty.channel.nio.NioEventLoop.processSelectedKey(NioEventLoop.java:646)
	at io.netty.channel.nio.NioEventLoop.processSelectedKeysOptimized(NioEventLoop.java:581)
	at io.netty.channel.nio.NioEventLoop.processSelectedKeys(NioEventLoop.java:498)
	at io.netty.channel.nio.NioEventLoop.run(NioEventLoop.java:460)
	at io.netty.util.concurrent.SingleThreadEventExecutor$2.run(SingleThreadEventExecutor.java:131)
	at io.netty.util.concurrent.DefaultThreadFactory$DefaultRunnableDecorator.run(DefaultThreadFactory.java:138)
	at java.lang.Thread.run(Unknown Source)
18:37:32.205 [TriggersWorkerPool-3-2] ERROR com.firebase.server.client.GCFEmulatorPublisher - ece1140-default-rtdb failed to publish trigger to functions emulator with exception
com.firebase.server.client.ChannelClosedException$: The underlying socket was closed and released from the connection pool
	at com.firebase.server.client.ChannelClosedException$.<clinit>(SingleHostChannelPool.scala)
	at com.firebase.server.client.NettyHttpBesieger.$anonfun$channelCreated$2(NettyHttpBesieger.scala:174)
	at com.firebase.server.client.NettyHttpBesieger.$anonfun$channelCreated$2$adapted(NettyHttpBesieger.scala:173)
	at com.firebase.server.util.package$NettyFutureAdapter.$anonfun$onComplete$1(package.scala:85)
	at io.netty.util.concurrent.DefaultPromise.notifyListener0(DefaultPromise.java:507)
	at io.netty.util.concurrent.DefaultPromise.notifyListenersNow(DefaultPromise.java:481)
	at io.netty.util.concurrent.DefaultPromise.notifyListeners(DefaultPromise.java:420)
	at io.netty.util.concurrent.DefaultPromise.trySuccess(DefaultPromise.java:104)
	at io.netty.channel.DefaultChannelPromise.trySuccess(DefaultChannelPromise.java:82)
	at io.netty.channel.AbstractChannel$CloseFuture.setClosed(AbstractChannel.java:1002)
	at io.netty.channel.AbstractChannel$AbstractUnsafe.doClose0(AbstractChannel.java:632)
	at io.netty.channel.AbstractChannel$AbstractUnsafe.close(AbstractChannel.java:610)
	at io.netty.channel.AbstractChannel$AbstractUnsafe.close(AbstractChannel.java:553)
	at io.netty.channel.nio.AbstractNioByteChannel$NioByteUnsafe.closeOnRead(AbstractNioByteChannel.java:71)
	at io.netty.channel.nio.AbstractNioByteChannel$NioByteUnsafe.read(AbstractNioByteChannel.java:158)
	at io.netty.channel.nio.NioEventLoop.processSelectedKey(NioEventLoop.java:646)
	at io.netty.channel.nio.NioEventLoop.processSelectedKeysOptimized(NioEventLoop.java:581)
	at io.netty.channel.nio.NioEventLoop.processSelectedKeys(NioEventLoop.java:498)
	at io.netty.channel.nio.NioEventLoop.run(NioEventLoop.java:460)
	at io.netty.util.concurrent.SingleThreadEventExecutor$2.run(SingleThreadEventExecutor.java:131)
	at io.netty.util.concurrent.DefaultThreadFactory$DefaultRunnableDecorator.run(DefaultThreadFactory.java:138)
	at java.lang.Thread.run(Unknown Source)
18:37:39.973 [TriggersWorkerPool-3-1] ERROR com.firebase.server.client.GCFEmulatorPublisher - ece1140-default-rtdb failed to publish trigger to functions emulator with exception
com.firebase.server.client.ChannelClosedException$: The underlying socket was closed and released from the connection pool
	at com.firebase.server.client.ChannelClosedException$.<clinit>(SingleHostChannelPool.scala)
	at com.firebase.server.client.NettyHttpBesieger.$anonfun$channelCreated$2(NettyHttpBesieger.scala:174)
	at com.firebase.server.client.NettyHttpBesieger.$anonfun$channelCreated$2$adapted(NettyHttpBesieger.scala:173)
	at com.firebase.server.util.package$NettyFutureAdapter.$anonfun$onComplete$1(package.scala:85)
	at io.netty.util.concurrent.DefaultPromise.notifyListener0(DefaultPromise.java:507)
	at io.netty.util.concurrent.DefaultPromise.notifyListenersNow(DefaultPromise.java:481)
	at io.netty.util.concurrent.DefaultPromise.notifyListeners(DefaultPromise.java:420)
	at io.netty.util.concurrent.DefaultPromise.trySuccess(DefaultPromise.java:104)
	at io.netty.channel.DefaultChannelPromise.trySuccess(DefaultChannelPromise.java:82)
	at io.netty.channel.AbstractChannel$CloseFuture.setClosed(AbstractChannel.java:1002)
	at io.netty.channel.AbstractChannel$AbstractUnsafe.doClose0(AbstractChannel.java:632)
	at io.netty.channel.AbstractChannel$AbstractUnsafe.close(AbstractChannel.java:610)
	at io.netty.channel.AbstractChannel$AbstractUnsafe.close(AbstractChannel.java:553)
	at io.netty.channel.nio.AbstractNioByteChannel$NioByteUnsafe.closeOnRead(AbstractNioByteChannel.java:71)
	at io.netty.channel.nio.AbstractNioByteChannel$NioByteUnsafe.read(AbstractNioByteChannel.java:158)
	at io.netty.channel.nio.NioEventLoop.processSelectedKey(NioEventLoop.java:646)
	at io.netty.channel.nio.NioEventLoop.processSelectedKeysOptimized(NioEventLoop.java:581)
	at io.netty.channel.nio.NioEventLoop.processSelectedKeys(NioEventLoop.java:498)
	at io.netty.channel.nio.NioEventLoop.run(NioEventLoop.java:460)
	at io.netty.util.concurrent.SingleThreadEventExecutor$2.run(SingleThreadEventExecutor.java:131)
	at io.netty.util.concurrent.DefaultThreadFactory$DefaultRunnableDecorator.run(DefaultThreadFactory.java:138)
	at java.lang.Thread.run(Unknown Source)
18:37:39.973 [TriggersWorkerPool-3-2] ERROR com.firebase.server.client.GCFEmulatorPublisher - ece1140-default-rtdb failed to publish trigger to functions emulator with exception
com.firebase.server.client.ChannelClosedException$: The underlying socket was closed and released from the connection pool
	at com.firebase.server.client.ChannelClosedException$.<clinit>(SingleHostChannelPool.scala)
	at com.firebase.server.client.NettyHttpBesieger.$anonfun$channelCreated$2(NettyHttpBesieger.scala:174)
	at com.firebase.server.client.NettyHttpBesieger.$anonfun$channelCreated$2$adapted(NettyHttpBesieger.scala:173)
	at com.firebase.server.util.package$NettyFutureAdapter.$anonfun$onComplete$1(package.scala:85)
	at io.netty.util.concurrent.DefaultPromise.notifyListener0(DefaultPromise.java:507)
	at io.netty.util.concurrent.DefaultPromise.notifyListenersNow(DefaultPromise.java:481)
	at io.netty.util.concurrent.DefaultPromise.notifyListeners(DefaultPromise.java:420)
	at io.netty.util.concurrent.DefaultPromise.trySuccess(DefaultPromise.java:104)
	at io.netty.channel.DefaultChannelPromise.trySuccess(DefaultChannelPromise.java:82)
	at io.netty.channel.AbstractChannel$CloseFuture.setClosed(AbstractChannel.java:1002)
	at io.netty.channel.AbstractChannel$AbstractUnsafe.doClose0(AbstractChannel.java:632)
	at io.netty.channel.AbstractChannel$AbstractUnsafe.close(AbstractChannel.java:610)
	at io.netty.channel.AbstractChannel$AbstractUnsafe.close(AbstractChannel.java:553)
	at io.netty.channel.nio.AbstractNioByteChannel$NioByteUnsafe.closeOnRead(AbstractNioByteChannel.java:71)
	at io.netty.channel.nio.AbstractNioByteChannel$NioByteUnsafe.read(AbstractNioByteChannel.java:158)
	at io.netty.channel.nio.NioEventLoop.processSelectedKey(NioEventLoop.java:646)
	at io.netty.channel.nio.NioEventLoop.processSelectedKeysOptimized(NioEventLoop.java:581)
	at io.netty.channel.nio.NioEventLoop.processSelectedKeys(NioEventLoop.java:498)
	at io.netty.channel.nio.NioEventLoop.run(NioEventLoop.java:460)
	at io.netty.util.concurrent.SingleThreadEventExecutor$2.run(SingleThreadEventExecutor.java:131)
	at io.netty.util.concurrent.DefaultThreadFactory$DefaultRunnableDecorator.run(DefaultThreadFactory.java:138)
	at java.lang.Thread.run(Unknown Source)
18:37:39.974 [TriggersWorkerPool-3-2] ERROR com.firebase.server.client.GCFEmulatorPublisher - ece1140-default-rtdb failed to publish trigger to functions emulator with exception
com.firebase.server.client.ChannelClosedException$: The underlying socket was closed and released from the connection pool
	at com.firebase.server.client.ChannelClosedException$.<clinit>(SingleHostChannelPool.scala)
	at com.firebase.server.client.NettyHttpBesieger.$anonfun$channelCreated$2(NettyHttpBesieger.scala:174)
	at com.firebase.server.client.NettyHttpBesieger.$anonfun$channelCreated$2$adapted(NettyHttpBesieger.scala:173)
	at com.firebase.server.util.package$NettyFutureAdapter.$anonfun$onComplete$1(package.scala:85)
	at io.netty.util.concurrent.DefaultPromise.notifyListener0(DefaultPromise.java:507)
	at io.netty.util.concurrent.DefaultPromise.notifyListenersNow(DefaultPromise.java:481)
	at io.netty.util.concurrent.DefaultPromise.notifyListeners(DefaultPromise.java:420)
	at io.netty.util.concurrent.DefaultPromise.trySuccess(DefaultPromise.java:104)
	at io.netty.channel.DefaultChannelPromise.trySuccess(DefaultChannelPromise.java:82)
	at io.netty.channel.AbstractChannel$CloseFuture.setClosed(AbstractChannel.java:1002)
	at io.netty.channel.AbstractChannel$AbstractUnsafe.doClose0(AbstractChannel.java:632)
	at io.netty.channel.AbstractChannel$AbstractUnsafe.close(AbstractChannel.java:610)
	at io.netty.channel.AbstractChannel$AbstractUnsafe.close(AbstractChannel.java:553)
	at io.netty.channel.nio.AbstractNioByteChannel$NioByteUnsafe.closeOnRead(AbstractNioByteChannel.java:71)
	at io.netty.channel.nio.AbstractNioByteChannel$NioByteUnsafe.read(AbstractNioByteChannel.java:158)
	at io.netty.channel.nio.NioEventLoop.processSelectedKey(NioEventLoop.java:646)
	at io.netty.channel.nio.NioEventLoop.processSelectedKeysOptimized(NioEventLoop.java:581)
	at io.netty.channel.nio.NioEventLoop.processSelectedKeys(NioEventLoop.java:498)
	at io.netty.channel.nio.NioEventLoop.run(NioEventLoop.java:460)
	at io.netty.util.concurrent.SingleThreadEventExecutor$2.run(SingleThreadEventExecutor.java:131)
	at io.netty.util.concurrent.DefaultThreadFactory$DefaultRunnableDecorator.run(DefaultThreadFactory.java:138)
	at java.lang.Thread.run(Unknown Source)
18:37:39.974 [TriggersWorkerPool-3-1] ERROR com.firebase.server.client.GCFEmulatorPublisher - ece1140-default-rtdb failed to publish trigger to functions emulator with exception
com.firebase.server.client.ChannelClosedException$: The underlying socket was closed and released from the connection pool
	at com.firebase.server.client.ChannelClosedException$.<clinit>(SingleHostChannelPool.scala)
	at com.firebase.server.client.NettyHttpBesieger.$anonfun$channelCreated$2(NettyHttpBesieger.scala:174)
	at com.firebase.server.client.NettyHttpBesieger.$anonfun$channelCreated$2$adapted(NettyHttpBesieger.scala:173)
	at com.firebase.server.util.package$NettyFutureAdapter.$anonfun$onComplete$1(package.scala:85)
	at io.netty.util.concurrent.DefaultPromise.notifyListener0(DefaultPromise.java:507)
	at io.netty.util.concurrent.DefaultPromise.notifyListenersNow(DefaultPromise.java:481)
	at io.netty.util.concurrent.DefaultPromise.notifyListeners(DefaultPromise.java:420)
	at io.netty.util.concurrent.DefaultPromise.trySuccess(DefaultPromise.java:104)
	at io.netty.channel.DefaultChannelPromise.trySuccess(DefaultChannelPromise.java:82)
	at io.netty.channel.AbstractChannel$CloseFuture.setClosed(AbstractChannel.java:1002)
	at io.netty.channel.AbstractChannel$AbstractUnsafe.doClose0(AbstractChannel.java:632)
	at io.netty.channel.AbstractChannel$AbstractUnsafe.close(AbstractChannel.java:610)
	at io.netty.channel.AbstractChannel$AbstractUnsafe.close(AbstractChannel.java:553)
	at io.netty.channel.nio.AbstractNioByteChannel$NioByteUnsafe.closeOnRead(AbstractNioByteChannel.java:71)
	at io.netty.channel.nio.AbstractNioByteChannel$NioByteUnsafe.read(AbstractNioByteChannel.java:158)
	at io.netty.channel.nio.NioEventLoop.processSelectedKey(NioEventLoop.java:646)
	at io.netty.channel.nio.NioEventLoop.processSelectedKeysOptimized(NioEventLoop.java:581)
	at io.netty.channel.nio.NioEventLoop.processSelectedKeys(NioEventLoop.java:498)
	at io.netty.channel.nio.NioEventLoop.run(NioEventLoop.java:460)
	at io.netty.util.concurrent.SingleThreadEventExecutor$2.run(SingleThreadEventExecutor.java:131)
	at io.netty.util.concurrent.DefaultThreadFactory$DefaultRunnableDecorator.run(DefaultThreadFactory.java:138)
	at java.lang.Thread.run(Unknown Source)
18:37:47.516 [TriggersWorkerPool-3-1] ERROR com.firebase.server.client.GCFEmulatorPublisher - ece1140-default-rtdb failed to publish trigger to functions emulator with exception
com.firebase.server.client.ChannelClosedException$: The underlying socket was closed and released from the connection pool
	at com.firebase.server.client.ChannelClosedException$.<clinit>(SingleHostChannelPool.scala)
	at com.firebase.server.client.NettyHttpBesieger.$anonfun$channelCreated$2(NettyHttpBesieger.scala:174)
	at com.firebase.server.client.NettyHttpBesieger.$anonfun$channelCreated$2$adapted(NettyHttpBesieger.scala:173)
	at com.firebase.server.util.package$NettyFutureAdapter.$anonfun$onComplete$1(package.scala:85)
	at io.netty.util.concurrent.DefaultPromise.notifyListener0(DefaultPromise.java:507)
	at io.netty.util.concurrent.DefaultPromise.notifyListenersNow(DefaultPromise.java:481)
	at io.netty.util.concurrent.DefaultPromise.notifyListeners(DefaultPromise.java:420)
	at io.netty.util.concurrent.DefaultPromise.trySuccess(DefaultPromise.java:104)
	at io.netty.channel.DefaultChannelPromise.trySuccess(DefaultChannelPromise.java:82)
	at io.netty.channel.AbstractChannel$CloseFuture.setClosed(AbstractChannel.java:1002)
	at io.netty.channel.AbstractChannel$AbstractUnsafe.doClose0(AbstractChannel.java:632)
	at io.netty.channel.AbstractChannel$AbstractUnsafe.close(AbstractChannel.java:610)
	at io.netty.channel.AbstractChannel$AbstractUnsafe.close(AbstractChannel.java:553)
	at io.netty.channel.nio.AbstractNioByteChannel$NioByteUnsafe.closeOnRead(AbstractNioByteChannel.java:71)
	at io.netty.channel.nio.AbstractNioByteChannel$NioByteUnsafe.read(AbstractNioByteChannel.java:158)
	at io.netty.channel.nio.NioEventLoop.processSelectedKey(NioEventLoop.java:646)
	at io.netty.channel.nio.NioEventLoop.processSelectedKeysOptimized(NioEventLoop.java:581)
	at io.netty.channel.nio.NioEventLoop.processSelectedKeys(NioEventLoop.java:498)
	at io.netty.channel.nio.NioEventLoop.run(NioEventLoop.java:460)
	at io.netty.util.concurrent.SingleThreadEventExecutor$2.run(SingleThreadEventExecutor.java:131)
	at io.netty.util.concurrent.DefaultThreadFactory$DefaultRunnableDecorator.run(DefaultThreadFactory.java:138)
	at java.lang.Thread.run(Unknown Source)
18:37:47.516 [TriggersWorkerPool-3-2] ERROR com.firebase.server.client.GCFEmulatorPublisher - ece1140-default-rtdb failed to publish trigger to functions emulator with exception
com.firebase.server.client.ChannelClosedException$: The underlying socket was closed and released from the connection pool
	at com.firebase.server.client.ChannelClosedException$.<clinit>(SingleHostChannelPool.scala)
	at com.firebase.server.client.NettyHttpBesieger.$anonfun$channelCreated$2(NettyHttpBesieger.scala:174)
	at com.firebase.server.client.NettyHttpBesieger.$anonfun$channelCreated$2$adapted(NettyHttpBesieger.scala:173)
	at com.firebase.server.util.package$NettyFutureAdapter.$anonfun$onComplete$1(package.scala:85)
	at io.netty.util.concurrent.DefaultPromise.notifyListener0(DefaultPromise.java:507)
	at io.netty.util.concurrent.DefaultPromise.notifyListenersNow(DefaultPromise.java:481)
	at io.netty.util.concurrent.DefaultPromise.notifyListeners(DefaultPromise.java:420)
	at io.netty.util.concurrent.DefaultPromise.trySuccess(DefaultPromise.java:104)
	at io.netty.channel.DefaultChannelPromise.trySuccess(DefaultChannelPromise.java:82)
	at io.netty.channel.AbstractChannel$CloseFuture.setClosed(AbstractChannel.java:1002)
	at io.netty.channel.AbstractChannel$AbstractUnsafe.doClose0(AbstractChannel.java:632)
	at io.netty.channel.AbstractChannel$AbstractUnsafe.close(AbstractChannel.java:610)
	at io.netty.channel.AbstractChannel$AbstractUnsafe.close(AbstractChannel.java:553)
	at io.netty.channel.nio.AbstractNioByteChannel$NioByteUnsafe.closeOnRead(AbstractNioByteChannel.java:71)
	at io.netty.channel.nio.AbstractNioByteChannel$NioByteUnsafe.read(AbstractNioByteChannel.java:158)
	at io.netty.channel.nio.NioEventLoop.processSelectedKey(NioEventLoop.java:646)
	at io.netty.channel.nio.NioEventLoop.processSelectedKeysOptimized(NioEventLoop.java:581)
	at io.netty.channel.nio.NioEventLoop.processSelectedKeys(NioEventLoop.java:498)
	at io.netty.channel.nio.NioEventLoop.run(NioEventLoop.java:460)
	at io.netty.util.concurrent.SingleThreadEventExecutor$2.run(SingleThreadEventExecutor.java:131)
	at io.netty.util.concurrent.DefaultThreadFactory$DefaultRunnableDecorator.run(DefaultThreadFactory.java:138)
	at java.lang.Thread.run(Unknown Source)
18:37:47.517 [TriggersWorkerPool-3-1] ERROR com.firebase.server.client.GCFEmulatorPublisher - ece1140-default-rtdb failed to publish trigger to functions emulator with exception
com.firebase.server.client.ChannelClosedException$: The underlying socket was closed and released from the connection pool
	at com.firebase.server.client.ChannelClosedException$.<clinit>(SingleHostChannelPool.scala)
	at com.firebase.server.client.NettyHttpBesieger.$anonfun$channelCreated$2(NettyHttpBesieger.scala:174)
	at com.firebase.server.client.NettyHttpBesieger.$anonfun$channelCreated$2$adapted(NettyHttpBesieger.scala:173)
	at com.firebase.server.util.package$NettyFutureAdapter.$anonfun$onComplete$1(package.scala:85)
	at io.netty.util.concurrent.DefaultPromise.notifyListener0(DefaultPromise.java:507)
	at io.netty.util.concurrent.DefaultPromise.notifyListenersNow(DefaultPromise.java:481)
	at io.netty.util.concurrent.DefaultPromise.notifyListeners(DefaultPromise.java:420)
	at io.netty.util.concurrent.DefaultPromise.trySuccess(DefaultPromise.java:104)
	at io.netty.channel.DefaultChannelPromise.trySuccess(DefaultChannelPromise.java:82)
	at io.netty.channel.AbstractChannel$CloseFuture.setClosed(AbstractChannel.java:1002)
	at io.netty.channel.AbstractChannel$AbstractUnsafe.doClose0(AbstractChannel.java:632)
	at io.netty.channel.AbstractChannel$AbstractUnsafe.close(AbstractChannel.java:610)
	at io.netty.channel.AbstractChannel$AbstractUnsafe.close(AbstractChannel.java:553)
	at io.netty.channel.nio.AbstractNioByteChannel$NioByteUnsafe.closeOnRead(AbstractNioByteChannel.java:71)
	at io.netty.channel.nio.AbstractNioByteChannel$NioByteUnsafe.read(AbstractNioByteChannel.java:158)
	at io.netty.channel.nio.NioEventLoop.processSelectedKey(NioEventLoop.java:646)
	at io.netty.channel.nio.NioEventLoop.processSelectedKeysOptimized(NioEventLoop.java:581)
	at io.netty.channel.nio.NioEventLoop.processSelectedKeys(NioEventLoop.java:498)
	at io.netty.channel.nio.NioEventLoop.run(NioEventLoop.java:460)
	at io.netty.util.concurrent.SingleThreadEventExecutor$2.run(SingleThreadEventExecutor.java:131)
	at io.netty.util.concurrent.DefaultThreadFactory$DefaultRunnableDecorator.run(DefaultThreadFactory.java:138)
	at java.lang.Thread.run(Unknown Source)
18:37:47.517 [TriggersWorkerPool-3-2] ERROR com.firebase.server.client.GCFEmulatorPublisher - ece1140-default-rtdb failed to publish trigger to functions emulator with exception
com.firebase.server.client.ChannelClosedException$: The underlying socket was closed and released from the connection pool
	at com.firebase.server.client.ChannelClosedException$.<clinit>(SingleHostChannelPool.scala)
	at com.firebase.server.client.NettyHttpBesieger.$anonfun$channelCreated$2(NettyHttpBesieger.scala:174)
	at com.firebase.server.client.NettyHttpBesieger.$anonfun$channelCreated$2$adapted(NettyHttpBesieger.scala:173)
	at com.firebase.server.util.package$NettyFutureAdapter.$anonfun$onComplete$1(package.scala:85)
	at io.netty.util.concurrent.DefaultPromise.notifyListener0(DefaultPromise.java:507)
	at io.netty.util.concurrent.DefaultPromise.notifyListenersNow(DefaultPromise.java:481)
	at io.netty.util.concurrent.DefaultPromise.notifyListeners(DefaultPromise.java:420)
	at io.netty.util.concurrent.DefaultPromise.trySuccess(DefaultPromise.java:104)
	at io.netty.channel.DefaultChannelPromise.trySuccess(DefaultChannelPromise.java:82)
	at io.netty.channel.AbstractChannel$CloseFuture.setClosed(AbstractChannel.java:1002)
	at io.netty.channel.AbstractChannel$AbstractUnsafe.doClose0(AbstractChannel.java:632)
	at io.netty.channel.AbstractChannel$AbstractUnsafe.close(AbstractChannel.java:610)
	at io.netty.channel.AbstractChannel$AbstractUnsafe.close(AbstractChannel.java:553)
	at io.netty.channel.nio.AbstractNioByteChannel$NioByteUnsafe.closeOnRead(AbstractNioByteChannel.java:71)
	at io.netty.channel.nio.AbstractNioByteChannel$NioByteUnsafe.read(AbstractNioByteChannel.java:158)
	at io.netty.channel.nio.NioEventLoop.processSelectedKey(NioEventLoop.java:646)
	at io.netty.channel.nio.NioEventLoop.processSelectedKeysOptimized(NioEventLoop.java:581)
	at io.netty.channel.nio.NioEventLoop.processSelectedKeys(NioEventLoop.java:498)
	at io.netty.channel.nio.NioEventLoop.run(NioEventLoop.java:460)
	at io.netty.util.concurrent.SingleThreadEventExecutor$2.run(SingleThreadEventExecutor.java:131)
	at io.netty.util.concurrent.DefaultThreadFactory$DefaultRunnableDecorator.run(DefaultThreadFactory.java:138)
	at java.lang.Thread.run(Unknown Source)
18:37:54.397 [TriggersWorkerPool-3-2] ERROR com.firebase.server.client.GCFEmulatorPublisher - ece1140-default-rtdb failed to publish trigger to functions emulator with exception
com.firebase.server.client.ChannelClosedException$: The underlying socket was closed and released from the connection pool
	at com.firebase.server.client.ChannelClosedException$.<clinit>(SingleHostChannelPool.scala)
	at com.firebase.server.client.NettyHttpBesieger.$anonfun$channelCreated$2(NettyHttpBesieger.scala:174)
	at com.firebase.server.client.NettyHttpBesieger.$anonfun$channelCreated$2$adapted(NettyHttpBesieger.scala:173)
	at com.firebase.server.util.package$NettyFutureAdapter.$anonfun$onComplete$1(package.scala:85)
	at io.netty.util.concurrent.DefaultPromise.notifyListener0(DefaultPromise.java:507)
	at io.netty.util.concurrent.DefaultPromise.notifyListenersNow(DefaultPromise.java:481)
	at io.netty.util.concurrent.DefaultPromise.notifyListeners(DefaultPromise.java:420)
	at io.netty.util.concurrent.DefaultPromise.trySuccess(DefaultPromise.java:104)
	at io.netty.channel.DefaultChannelPromise.trySuccess(DefaultChannelPromise.java:82)
	at io.netty.channel.AbstractChannel$CloseFuture.setClosed(AbstractChannel.java:1002)
	at io.netty.channel.AbstractChannel$AbstractUnsafe.doClose0(AbstractChannel.java:632)
	at io.netty.channel.AbstractChannel$AbstractUnsafe.close(AbstractChannel.java:610)
	at io.netty.channel.AbstractChannel$AbstractUnsafe.close(AbstractChannel.java:553)
	at io.netty.channel.nio.AbstractNioByteChannel$NioByteUnsafe.closeOnRead(AbstractNioByteChannel.java:71)
	at io.netty.channel.nio.AbstractNioByteChannel$NioByteUnsafe.read(AbstractNioByteChannel.java:158)
	at io.netty.channel.nio.NioEventLoop.processSelectedKey(NioEventLoop.java:646)
	at io.netty.channel.nio.NioEventLoop.processSelectedKeysOptimized(NioEventLoop.java:581)
	at io.netty.channel.nio.NioEventLoop.processSelectedKeys(NioEventLoop.java:498)
	at io.netty.channel.nio.NioEventLoop.run(NioEventLoop.java:460)
	at io.netty.util.concurrent.SingleThreadEventExecutor$2.run(SingleThreadEventExecutor.java:131)
	at io.netty.util.concurrent.DefaultThreadFactory$DefaultRunnableDecorator.run(DefaultThreadFactory.java:138)
	at java.lang.Thread.run(Unknown Source)
18:37:54.397 [TriggersWorkerPool-3-1] ERROR com.firebase.server.client.GCFEmulatorPublisher - ece1140-default-rtdb failed to publish trigger to functions emulator with exception
com.firebase.server.client.ChannelClosedException$: The underlying socket was closed and released from the connection pool
	at com.firebase.server.client.ChannelClosedException$.<clinit>(SingleHostChannelPool.scala)
	at com.firebase.server.client.NettyHttpBesieger.$anonfun$channelCreated$2(NettyHttpBesieger.scala:174)
	at com.firebase.server.client.NettyHttpBesieger.$anonfun$channelCreated$2$adapted(NettyHttpBesieger.scala:173)
	at com.firebase.server.util.package$NettyFutureAdapter.$anonfun$onComplete$1(package.scala:85)
	at io.netty.util.concurrent.DefaultPromise.notifyListener0(DefaultPromise.java:507)
	at io.netty.util.concurrent.DefaultPromise.notifyListenersNow(DefaultPromise.java:481)
	at io.netty.util.concurrent.DefaultPromise.notifyListeners(DefaultPromise.java:420)
	at io.netty.util.concurrent.DefaultPromise.trySuccess(DefaultPromise.java:104)
	at io.netty.channel.DefaultChannelPromise.trySuccess(DefaultChannelPromise.java:82)
	at io.netty.channel.AbstractChannel$CloseFuture.setClosed(AbstractChannel.java:1002)
	at io.netty.channel.AbstractChannel$AbstractUnsafe.doClose0(AbstractChannel.java:632)
	at io.netty.channel.AbstractChannel$AbstractUnsafe.close(AbstractChannel.java:610)
	at io.netty.channel.AbstractChannel$AbstractUnsafe.close(AbstractChannel.java:553)
	at io.netty.channel.nio.AbstractNioByteChannel$NioByteUnsafe.closeOnRead(AbstractNioByteChannel.java:71)
	at io.netty.channel.nio.AbstractNioByteChannel$NioByteUnsafe.read(AbstractNioByteChannel.java:158)
	at io.netty.channel.nio.NioEventLoop.processSelectedKey(NioEventLoop.java:646)
	at io.netty.channel.nio.NioEventLoop.processSelectedKeysOptimized(NioEventLoop.java:581)
	at io.netty.channel.nio.NioEventLoop.processSelectedKeys(NioEventLoop.java:498)
	at io.netty.channel.nio.NioEventLoop.run(NioEventLoop.java:460)
	at io.netty.util.concurrent.SingleThreadEventExecutor$2.run(SingleThreadEventExecutor.java:131)
	at io.netty.util.concurrent.DefaultThreadFactory$DefaultRunnableDecorator.run(DefaultThreadFactory.java:138)
	at java.lang.Thread.run(Unknown Source)
18:37:54.397 [TriggersWorkerPool-3-2] ERROR com.firebase.server.client.GCFEmulatorPublisher - ece1140-default-rtdb failed to publish trigger to functions emulator with exception
com.firebase.server.client.ChannelClosedException$: The underlying socket was closed and released from the connection pool
	at com.firebase.server.client.ChannelClosedException$.<clinit>(SingleHostChannelPool.scala)
	at com.firebase.server.client.NettyHttpBesieger.$anonfun$channelCreated$2(NettyHttpBesieger.scala:174)
	at com.firebase.server.client.NettyHttpBesieger.$anonfun$channelCreated$2$adapted(NettyHttpBesieger.scala:173)
	at com.firebase.server.util.package$NettyFutureAdapter.$anonfun$onComplete$1(package.scala:85)
	at io.netty.util.concurrent.DefaultPromise.notifyListener0(DefaultPromise.java:507)
	at io.netty.util.concurrent.DefaultPromise.notifyListenersNow(DefaultPromise.java:481)
	at io.netty.util.concurrent.DefaultPromise.notifyListeners(DefaultPromise.java:420)
	at io.netty.util.concurrent.DefaultPromise.trySuccess(DefaultPromise.java:104)
	at io.netty.channel.DefaultChannelPromise.trySuccess(DefaultChannelPromise.java:82)
	at io.netty.channel.AbstractChannel$CloseFuture.setClosed(AbstractChannel.java:1002)
	at io.netty.channel.AbstractChannel$AbstractUnsafe.doClose0(AbstractChannel.java:632)
	at io.netty.channel.AbstractChannel$AbstractUnsafe.close(AbstractChannel.java:610)
	at io.netty.channel.AbstractChannel$AbstractUnsafe.close(AbstractChannel.java:553)
	at io.netty.channel.nio.AbstractNioByteChannel$NioByteUnsafe.closeOnRead(AbstractNioByteChannel.java:71)
	at io.netty.channel.nio.AbstractNioByteChannel$NioByteUnsafe.read(AbstractNioByteChannel.java:158)
	at io.netty.channel.nio.NioEventLoop.processSelectedKey(NioEventLoop.java:646)
	at io.netty.channel.nio.NioEventLoop.processSelectedKeysOptimized(NioEventLoop.java:581)
	at io.netty.channel.nio.NioEventLoop.processSelectedKeys(NioEventLoop.java:498)
	at io.netty.channel.nio.NioEventLoop.run(NioEventLoop.java:460)
	at io.netty.util.concurrent.SingleThreadEventExecutor$2.run(SingleThreadEventExecutor.java:131)
	at io.netty.util.concurrent.DefaultThreadFactory$DefaultRunnableDecorator.run(DefaultThreadFactory.java:138)
	at java.lang.Thread.run(Unknown Source)
18:37:54.397 [TriggersWorkerPool-3-1] ERROR com.firebase.server.client.GCFEmulatorPublisher - ece1140-default-rtdb failed to publish trigger to functions emulator with exception
com.firebase.server.client.ChannelClosedException$: The underlying socket was closed and released from the connection pool
	at com.firebase.server.client.ChannelClosedException$.<clinit>(SingleHostChannelPool.scala)
	at com.firebase.server.client.NettyHttpBesieger.$anonfun$channelCreated$2(NettyHttpBesieger.scala:174)
	at com.firebase.server.client.NettyHttpBesieger.$anonfun$channelCreated$2$adapted(NettyHttpBesieger.scala:173)
	at com.firebase.server.util.package$NettyFutureAdapter.$anonfun$onComplete$1(package.scala:85)
	at io.netty.util.concurrent.DefaultPromise.notifyListener0(DefaultPromise.java:507)
	at io.netty.util.concurrent.DefaultPromise.notifyListenersNow(DefaultPromise.java:481)
	at io.netty.util.concurrent.DefaultPromise.notifyListeners(DefaultPromise.java:420)
	at io.netty.util.concurrent.DefaultPromise.trySuccess(DefaultPromise.java:104)
	at io.netty.channel.DefaultChannelPromise.trySuccess(DefaultChannelPromise.java:82)
	at io.netty.channel.AbstractChannel$CloseFuture.setClosed(AbstractChannel.java:1002)
	at io.netty.channel.AbstractChannel$AbstractUnsafe.doClose0(AbstractChannel.java:632)
	at io.netty.channel.AbstractChannel$AbstractUnsafe.close(AbstractChannel.java:610)
	at io.netty.channel.AbstractChannel$AbstractUnsafe.close(AbstractChannel.java:553)
	at io.netty.channel.nio.AbstractNioByteChannel$NioByteUnsafe.closeOnRead(AbstractNioByteChannel.java:71)
	at io.netty.channel.nio.AbstractNioByteChannel$NioByteUnsafe.read(AbstractNioByteChannel.java:158)
	at io.netty.channel.nio.NioEventLoop.processSelectedKey(NioEventLoop.java:646)
	at io.netty.channel.nio.NioEventLoop.processSelectedKeysOptimized(NioEventLoop.java:581)
	at io.netty.channel.nio.NioEventLoop.processSelectedKeys(NioEventLoop.java:498)
	at io.netty.channel.nio.NioEventLoop.run(NioEventLoop.java:460)
	at io.netty.util.concurrent.SingleThreadEventExecutor$2.run(SingleThreadEventExecutor.java:131)
	at io.netty.util.concurrent.DefaultThreadFactory$DefaultRunnableDecorator.run(DefaultThreadFactory.java:138)
	at java.lang.Thread.run(Unknown Source)
18:37:54.397 [TriggersWorkerPool-3-2] ERROR com.firebase.server.client.GCFEmulatorPublisher - ece1140-default-rtdb failed to publish trigger to functions emulator with exception
com.firebase.server.client.ChannelClosedException$: The underlying socket was closed and released from the connection pool
	at com.firebase.server.client.ChannelClosedException$.<clinit>(SingleHostChannelPool.scala)
	at com.firebase.server.client.NettyHttpBesieger.$anonfun$channelCreated$2(NettyHttpBesieger.scala:174)
	at com.firebase.server.client.NettyHttpBesieger.$anonfun$channelCreated$2$adapted(NettyHttpBesieger.scala:173)
	at com.firebase.server.util.package$NettyFutureAdapter.$anonfun$onComplete$1(package.scala:85)
	at io.netty.util.concurrent.DefaultPromise.notifyListener0(DefaultPromise.java:507)
	at io.netty.util.concurrent.DefaultPromise.notifyListenersNow(DefaultPromise.java:481)
	at io.netty.util.concurrent.DefaultPromise.notifyListeners(DefaultPromise.java:420)
	at io.netty.util.concurrent.DefaultPromise.trySuccess(DefaultPromise.java:104)
	at io.netty.channel.DefaultChannelPromise.trySuccess(DefaultChannelPromise.java:82)
	at io.netty.channel.AbstractChannel$CloseFuture.setClosed(AbstractChannel.java:1002)
	at io.netty.channel.AbstractChannel$AbstractUnsafe.doClose0(AbstractChannel.java:632)
	at io.netty.channel.AbstractChannel$AbstractUnsafe.close(AbstractChannel.java:610)
	at io.netty.channel.AbstractChannel$AbstractUnsafe.close(AbstractChannel.java:553)
	at io.netty.channel.nio.AbstractNioByteChannel$NioByteUnsafe.closeOnRead(AbstractNioByteChannel.java:71)
	at io.netty.channel.nio.AbstractNioByteChannel$NioByteUnsafe.read(AbstractNioByteChannel.java:158)
	at io.netty.channel.nio.NioEventLoop.processSelectedKey(NioEventLoop.java:646)
	at io.netty.channel.nio.NioEventLoop.processSelectedKeysOptimized(NioEventLoop.java:581)
	at io.netty.channel.nio.NioEventLoop.processSelectedKeys(NioEventLoop.java:498)
	at io.netty.channel.nio.NioEventLoop.run(NioEventLoop.java:460)
	at io.netty.util.concurrent.SingleThreadEventExecutor$2.run(SingleThreadEventExecutor.java:131)
	at io.netty.util.concurrent.DefaultThreadFactory$DefaultRunnableDecorator.run(DefaultThreadFactory.java:138)
	at java.lang.Thread.run(Unknown Source)
18:38:01.009 [TriggersWorkerPool-3-2] ERROR com.firebase.server.client.GCFEmulatorPublisher - ece1140-default-rtdb failed to publish trigger to functions emulator with exception
com.firebase.server.client.ChannelClosedException$: The underlying socket was closed and released from the connection pool
	at com.firebase.server.client.ChannelClosedException$.<clinit>(SingleHostChannelPool.scala)
	at com.firebase.server.client.NettyHttpBesieger.$anonfun$channelCreated$2(NettyHttpBesieger.scala:174)
	at com.firebase.server.client.NettyHttpBesieger.$anonfun$channelCreated$2$adapted(NettyHttpBesieger.scala:173)
	at com.firebase.server.util.package$NettyFutureAdapter.$anonfun$onComplete$1(package.scala:85)
	at io.netty.util.concurrent.DefaultPromise.notifyListener0(DefaultPromise.java:507)
	at io.netty.util.concurrent.DefaultPromise.notifyListenersNow(DefaultPromise.java:481)
	at io.netty.util.concurrent.DefaultPromise.notifyListeners(DefaultPromise.java:420)
	at io.netty.util.concurrent.DefaultPromise.trySuccess(DefaultPromise.java:104)
	at io.netty.channel.DefaultChannelPromise.trySuccess(DefaultChannelPromise.java:82)
	at io.netty.channel.AbstractChannel$CloseFuture.setClosed(AbstractChannel.java:1002)
	at io.netty.channel.AbstractChannel$AbstractUnsafe.doClose0(AbstractChannel.java:632)
	at io.netty.channel.AbstractChannel$AbstractUnsafe.close(AbstractChannel.java:610)
	at io.netty.channel.AbstractChannel$AbstractUnsafe.close(AbstractChannel.java:553)
	at io.netty.channel.nio.AbstractNioByteChannel$NioByteUnsafe.closeOnRead(AbstractNioByteChannel.java:71)
	at io.netty.channel.nio.AbstractNioByteChannel$NioByteUnsafe.read(AbstractNioByteChannel.java:158)
	at io.netty.channel.nio.NioEventLoop.processSelectedKey(NioEventLoop.java:646)
	at io.netty.channel.nio.NioEventLoop.processSelectedKeysOptimized(NioEventLoop.java:581)
	at io.netty.channel.nio.NioEventLoop.processSelectedKeys(NioEventLoop.java:498)
	at io.netty.channel.nio.NioEventLoop.run(NioEventLoop.java:460)
	at io.netty.util.concurrent.SingleThreadEventExecutor$2.run(SingleThreadEventExecutor.java:131)
	at io.netty.util.concurrent.DefaultThreadFactory$DefaultRunnableDecorator.run(DefaultThreadFactory.java:138)
	at java.lang.Thread.run(Unknown Source)
18:38:01.009 [TriggersWorkerPool-3-1] ERROR com.firebase.server.client.GCFEmulatorPublisher - ece1140-default-rtdb failed to publish trigger to functions emulator with exception
com.firebase.server.client.ChannelClosedException$: The underlying socket was closed and released from the connection pool
	at com.firebase.server.client.ChannelClosedException$.<clinit>(SingleHostChannelPool.scala)
	at com.firebase.server.client.NettyHttpBesieger.$anonfun$channelCreated$2(NettyHttpBesieger.scala:174)
	at com.firebase.server.client.NettyHttpBesieger.$anonfun$channelCreated$2$adapted(NettyHttpBesieger.scala:173)
	at com.firebase.server.util.package$NettyFutureAdapter.$anonfun$onComplete$1(package.scala:85)
	at io.netty.util.concurrent.DefaultPromise.notifyListener0(DefaultPromise.java:507)
	at io.netty.util.concurrent.DefaultPromise.notifyListenersNow(DefaultPromise.java:481)
	at io.netty.util.concurrent.DefaultPromise.notifyListeners(DefaultPromise.java:420)
	at io.netty.util.concurrent.DefaultPromise.trySuccess(DefaultPromise.java:104)
	at io.netty.channel.DefaultChannelPromise.trySuccess(DefaultChannelPromise.java:82)
	at io.netty.channel.AbstractChannel$CloseFuture.setClosed(AbstractChannel.java:1002)
	at io.netty.channel.AbstractChannel$AbstractUnsafe.doClose0(AbstractChannel.java:632)
	at io.netty.channel.AbstractChannel$AbstractUnsafe.close(AbstractChannel.java:610)
	at io.netty.channel.AbstractChannel$AbstractUnsafe.close(AbstractChannel.java:553)
	at io.netty.channel.nio.AbstractNioByteChannel$NioByteUnsafe.closeOnRead(AbstractNioByteChannel.java:71)
	at io.netty.channel.nio.AbstractNioByteChannel$NioByteUnsafe.read(AbstractNioByteChannel.java:158)
	at io.netty.channel.nio.NioEventLoop.processSelectedKey(NioEventLoop.java:646)
	at io.netty.channel.nio.NioEventLoop.processSelectedKeysOptimized(NioEventLoop.java:581)
	at io.netty.channel.nio.NioEventLoop.processSelectedKeys(NioEventLoop.java:498)
	at io.netty.channel.nio.NioEventLoop.run(NioEventLoop.java:460)
	at io.netty.util.concurrent.SingleThreadEventExecutor$2.run(SingleThreadEventExecutor.java:131)
	at io.netty.util.concurrent.DefaultThreadFactory$DefaultRunnableDecorator.run(DefaultThreadFactory.java:138)
	at java.lang.Thread.run(Unknown Source)
18:38:01.009 [TriggersWorkerPool-3-2] ERROR com.firebase.server.client.GCFEmulatorPublisher - ece1140-default-rtdb failed to publish trigger to functions emulator with exception
com.firebase.server.client.ChannelClosedException$: The underlying socket was closed and released from the connection pool
	at com.firebase.server.client.ChannelClosedException$.<clinit>(SingleHostChannelPool.scala)
	at com.firebase.server.client.NettyHttpBesieger.$anonfun$channelCreated$2(NettyHttpBesieger.scala:174)
	at com.firebase.server.client.NettyHttpBesieger.$anonfun$channelCreated$2$adapted(NettyHttpBesieger.scala:173)
	at com.firebase.server.util.package$NettyFutureAdapter.$anonfun$onComplete$1(package.scala:85)
	at io.netty.util.concurrent.DefaultPromise.notifyListener0(DefaultPromise.java:507)
	at io.netty.util.concurrent.DefaultPromise.notifyListenersNow(DefaultPromise.java:481)
	at io.netty.util.concurrent.DefaultPromise.notifyListeners(DefaultPromise.java:420)
	at io.netty.util.concurrent.DefaultPromise.trySuccess(DefaultPromise.java:104)
	at io.netty.channel.DefaultChannelPromise.trySuccess(DefaultChannelPromise.java:82)
	at io.netty.channel.AbstractChannel$CloseFuture.setClosed(AbstractChannel.java:1002)
	at io.netty.channel.AbstractChannel$AbstractUnsafe.doClose0(AbstractChannel.java:632)
	at io.netty.channel.AbstractChannel$AbstractUnsafe.close(AbstractChannel.java:610)
	at io.netty.channel.AbstractChannel$AbstractUnsafe.close(AbstractChannel.java:553)
	at io.netty.channel.nio.AbstractNioByteChannel$NioByteUnsafe.closeOnRead(AbstractNioByteChannel.java:71)
	at io.netty.channel.nio.AbstractNioByteChannel$NioByteUnsafe.read(AbstractNioByteChannel.java:158)
	at io.netty.channel.nio.NioEventLoop.processSelectedKey(NioEventLoop.java:646)
	at io.netty.channel.nio.NioEventLoop.processSelectedKeysOptimized(NioEventLoop.java:581)
	at io.netty.channel.nio.NioEventLoop.processSelectedKeys(NioEventLoop.java:498)
	at io.netty.channel.nio.NioEventLoop.run(NioEventLoop.java:460)
	at io.netty.util.concurrent.SingleThreadEventExecutor$2.run(SingleThreadEventExecutor.java:131)
	at io.netty.util.concurrent.DefaultThreadFactory$DefaultRunnableDecorator.run(DefaultThreadFactory.java:138)
	at java.lang.Thread.run(Unknown Source)
18:38:01.009 [TriggersWorkerPool-3-1] ERROR com.firebase.server.client.GCFEmulatorPublisher - ece1140-default-rtdb failed to publish trigger to functions emulator with exception
com.firebase.server.client.ChannelClosedException$: The underlying socket was closed and released from the connection pool
	at com.firebase.server.client.ChannelClosedException$.<clinit>(SingleHostChannelPool.scala)
	at com.firebase.server.client.NettyHttpBesieger.$anonfun$channelCreated$2(NettyHttpBesieger.scala:174)
	at com.firebase.server.client.NettyHttpBesieger.$anonfun$channelCreated$2$adapted(NettyHttpBesieger.scala:173)
	at com.firebase.server.util.package$NettyFutureAdapter.$anonfun$onComplete$1(package.scala:85)
	at io.netty.util.concurrent.DefaultPromise.notifyListener0(DefaultPromise.java:507)
	at io.netty.util.concurrent.DefaultPromise.notifyListenersNow(DefaultPromise.java:481)
	at io.netty.util.concurrent.DefaultPromise.notifyListeners(DefaultPromise.java:420)
	at io.netty.util.concurrent.DefaultPromise.trySuccess(DefaultPromise.java:104)
	at io.netty.channel.DefaultChannelPromise.trySuccess(DefaultChannelPromise.java:82)
	at io.netty.channel.AbstractChannel$CloseFuture.setClosed(AbstractChannel.java:1002)
	at io.netty.channel.AbstractChannel$AbstractUnsafe.doClose0(AbstractChannel.java:632)
	at io.netty.channel.AbstractChannel$AbstractUnsafe.close(AbstractChannel.java:610)
	at io.netty.channel.AbstractChannel$AbstractUnsafe.close(AbstractChannel.java:553)
	at io.netty.channel.nio.AbstractNioByteChannel$NioByteUnsafe.closeOnRead(AbstractNioByteChannel.java:71)
	at io.netty.channel.nio.AbstractNioByteChannel$NioByteUnsafe.read(AbstractNioByteChannel.java:158)
	at io.netty.channel.nio.NioEventLoop.processSelectedKey(NioEventLoop.java:646)
	at io.netty.channel.nio.NioEventLoop.processSelectedKeysOptimized(NioEventLoop.java:581)
	at io.netty.channel.nio.NioEventLoop.processSelectedKeys(NioEventLoop.java:498)
	at io.netty.channel.nio.NioEventLoop.run(NioEventLoop.java:460)
	at io.netty.util.concurrent.SingleThreadEventExecutor$2.run(SingleThreadEventExecutor.java:131)
	at io.netty.util.concurrent.DefaultThreadFactory$DefaultRunnableDecorator.run(DefaultThreadFactory.java:138)
	at java.lang.Thread.run(Unknown Source)
18:38:07.501 [TriggersWorkerPool-3-2] ERROR com.firebase.server.client.GCFEmulatorPublisher - ece1140-default-rtdb failed to publish trigger to functions emulator with exception
com.firebase.server.client.ChannelClosedException$: The underlying socket was closed and released from the connection pool
	at com.firebase.server.client.ChannelClosedException$.<clinit>(SingleHostChannelPool.scala)
	at com.firebase.server.client.NettyHttpBesieger.$anonfun$channelCreated$2(NettyHttpBesieger.scala:174)
	at com.firebase.server.client.NettyHttpBesieger.$anonfun$channelCreated$2$adapted(NettyHttpBesieger.scala:173)
	at com.firebase.server.util.package$NettyFutureAdapter.$anonfun$onComplete$1(package.scala:85)
	at io.netty.util.concurrent.DefaultPromise.notifyListener0(DefaultPromise.java:507)
	at io.netty.util.concurrent.DefaultPromise.notifyListenersNow(DefaultPromise.java:481)
	at io.netty.util.concurrent.DefaultPromise.notifyListeners(DefaultPromise.java:420)
	at io.netty.util.concurrent.DefaultPromise.trySuccess(DefaultPromise.java:104)
	at io.netty.channel.DefaultChannelPromise.trySuccess(DefaultChannelPromise.java:82)
	at io.netty.channel.AbstractChannel$CloseFuture.setClosed(AbstractChannel.java:1002)
	at io.netty.channel.AbstractChannel$AbstractUnsafe.doClose0(AbstractChannel.java:632)
	at io.netty.channel.AbstractChannel$AbstractUnsafe.close(AbstractChannel.java:610)
	at io.netty.channel.AbstractChannel$AbstractUnsafe.close(AbstractChannel.java:553)
	at io.netty.channel.nio.AbstractNioByteChannel$NioByteUnsafe.closeOnRead(AbstractNioByteChannel.java:71)
	at io.netty.channel.nio.AbstractNioByteChannel$NioByteUnsafe.read(AbstractNioByteChannel.java:158)
	at io.netty.channel.nio.NioEventLoop.processSelectedKey(NioEventLoop.java:646)
	at io.netty.channel.nio.NioEventLoop.processSelectedKeysOptimized(NioEventLoop.java:581)
	at io.netty.channel.nio.NioEventLoop.processSelectedKeys(NioEventLoop.java:498)
	at io.netty.channel.nio.NioEventLoop.run(NioEventLoop.java:460)
	at io.netty.util.concurrent.SingleThreadEventExecutor$2.run(SingleThreadEventExecutor.java:131)
	at io.netty.util.concurrent.DefaultThreadFactory$DefaultRunnableDecorator.run(DefaultThreadFactory.java:138)
	at java.lang.Thread.run(Unknown Source)
18:38:07.501 [TriggersWorkerPool-3-1] ERROR com.firebase.server.client.GCFEmulatorPublisher - ece1140-default-rtdb failed to publish trigger to functions emulator with exception
com.firebase.server.client.ChannelClosedException$: The underlying socket was closed and released from the connection pool
	at com.firebase.server.client.ChannelClosedException$.<clinit>(SingleHostChannelPool.scala)
	at com.firebase.server.client.NettyHttpBesieger.$anonfun$channelCreated$2(NettyHttpBesieger.scala:174)
	at com.firebase.server.client.NettyHttpBesieger.$anonfun$channelCreated$2$adapted(NettyHttpBesieger.scala:173)
	at com.firebase.server.util.package$NettyFutureAdapter.$anonfun$onComplete$1(package.scala:85)
	at io.netty.util.concurrent.DefaultPromise.notifyListener0(DefaultPromise.java:507)
	at io.netty.util.concurrent.DefaultPromise.notifyListenersNow(DefaultPromise.java:481)
	at io.netty.util.concurrent.DefaultPromise.notifyListeners(DefaultPromise.java:420)
	at io.netty.util.concurrent.DefaultPromise.trySuccess(DefaultPromise.java:104)
	at io.netty.channel.DefaultChannelPromise.trySuccess(DefaultChannelPromise.java:82)
	at io.netty.channel.AbstractChannel$CloseFuture.setClosed(AbstractChannel.java:1002)
	at io.netty.channel.AbstractChannel$AbstractUnsafe.doClose0(AbstractChannel.java:632)
	at io.netty.channel.AbstractChannel$AbstractUnsafe.close(AbstractChannel.java:610)
	at io.netty.channel.AbstractChannel$AbstractUnsafe.close(AbstractChannel.java:553)
	at io.netty.channel.nio.AbstractNioByteChannel$NioByteUnsafe.closeOnRead(AbstractNioByteChannel.java:71)
	at io.netty.channel.nio.AbstractNioByteChannel$NioByteUnsafe.read(AbstractNioByteChannel.java:158)
	at io.netty.channel.nio.NioEventLoop.processSelectedKey(NioEventLoop.java:646)
	at io.netty.channel.nio.NioEventLoop.processSelectedKeysOptimized(NioEventLoop.java:581)
	at io.netty.channel.nio.NioEventLoop.processSelectedKeys(NioEventLoop.java:498)
	at io.netty.channel.nio.NioEventLoop.run(NioEventLoop.java:460)
	at io.netty.util.concurrent.SingleThreadEventExecutor$2.run(SingleThreadEventExecutor.java:131)
	at io.netty.util.concurrent.DefaultThreadFactory$DefaultRunnableDecorator.run(DefaultThreadFactory.java:138)
	at java.lang.Thread.run(Unknown Source)
18:38:07.501 [TriggersWorkerPool-3-2] ERROR com.firebase.server.client.GCFEmulatorPublisher - ece1140-default-rtdb failed to publish trigger to functions emulator with exception
com.firebase.server.client.ChannelClosedException$: The underlying socket was closed and released from the connection pool
	at com.firebase.server.client.ChannelClosedException$.<clinit>(SingleHostChannelPool.scala)
	at com.firebase.server.client.NettyHttpBesieger.$anonfun$channelCreated$2(NettyHttpBesieger.scala:174)
	at com.firebase.server.client.NettyHttpBesieger.$anonfun$channelCreated$2$adapted(NettyHttpBesieger.scala:173)
	at com.firebase.server.util.package$NettyFutureAdapter.$anonfun$onComplete$1(package.scala:85)
	at io.netty.util.concurrent.DefaultPromise.notifyListener0(DefaultPromise.java:507)
	at io.netty.util.concurrent.DefaultPromise.notifyListenersNow(DefaultPromise.java:481)
	at io.netty.util.concurrent.DefaultPromise.notifyListeners(DefaultPromise.java:420)
	at io.netty.util.concurrent.DefaultPromise.trySuccess(DefaultPromise.java:104)
	at io.netty.channel.DefaultChannelPromise.trySuccess(DefaultChannelPromise.java:82)
	at io.netty.channel.AbstractChannel$CloseFuture.setClosed(AbstractChannel.java:1002)
	at io.netty.channel.AbstractChannel$AbstractUnsafe.doClose0(AbstractChannel.java:632)
	at io.netty.channel.AbstractChannel$AbstractUnsafe.close(AbstractChannel.java:610)
	at io.netty.channel.AbstractChannel$AbstractUnsafe.close(AbstractChannel.java:553)
	at io.netty.channel.nio.AbstractNioByteChannel$NioByteUnsafe.closeOnRead(AbstractNioByteChannel.java:71)
	at io.netty.channel.nio.AbstractNioByteChannel$NioByteUnsafe.read(AbstractNioByteChannel.java:158)
	at io.netty.channel.nio.NioEventLoop.processSelectedKey(NioEventLoop.java:646)
	at io.netty.channel.nio.NioEventLoop.processSelectedKeysOptimized(NioEventLoop.java:581)
	at io.netty.channel.nio.NioEventLoop.processSelectedKeys(NioEventLoop.java:498)
	at io.netty.channel.nio.NioEventLoop.run(NioEventLoop.java:460)
	at io.netty.util.concurrent.SingleThreadEventExecutor$2.run(SingleThreadEventExecutor.java:131)
	at io.netty.util.concurrent.DefaultThreadFactory$DefaultRunnableDecorator.run(DefaultThreadFactory.java:138)
	at java.lang.Thread.run(Unknown Source)
18:38:07.502 [TriggersWorkerPool-3-1] ERROR com.firebase.server.client.GCFEmulatorPublisher - ece1140-default-rtdb failed to publish trigger to functions emulator with exception
com.firebase.server.client.ChannelClosedException$: The underlying socket was closed and released from the connection pool
	at com.firebase.server.client.ChannelClosedException$.<clinit>(SingleHostChannelPool.scala)
	at com.firebase.server.client.NettyHttpBesieger.$anonfun$channelCreated$2(NettyHttpBesieger.scala:174)
	at com.firebase.server.client.NettyHttpBesieger.$anonfun$channelCreated$2$adapted(NettyHttpBesieger.scala:173)
	at com.firebase.server.util.package$NettyFutureAdapter.$anonfun$onComplete$1(package.scala:85)
	at io.netty.util.concurrent.DefaultPromise.notifyListener0(DefaultPromise.java:507)
	at io.netty.util.concurrent.DefaultPromise.notifyListenersNow(DefaultPromise.java:481)
	at io.netty.util.concurrent.DefaultPromise.notifyListeners(DefaultPromise.java:420)
	at io.netty.util.concurrent.DefaultPromise.trySuccess(DefaultPromise.java:104)
	at io.netty.channel.DefaultChannelPromise.trySuccess(DefaultChannelPromise.java:82)
	at io.netty.channel.AbstractChannel$CloseFuture.setClosed(AbstractChannel.java:1002)
	at io.netty.channel.AbstractChannel$AbstractUnsafe.doClose0(AbstractChannel.java:632)
	at io.netty.channel.AbstractChannel$AbstractUnsafe.close(AbstractChannel.java:610)
	at io.netty.channel.AbstractChannel$AbstractUnsafe.close(AbstractChannel.java:553)
	at io.netty.channel.nio.AbstractNioByteChannel$NioByteUnsafe.closeOnRead(AbstractNioByteChannel.java:71)
	at io.netty.channel.nio.AbstractNioByteChannel$NioByteUnsafe.read(AbstractNioByteChannel.java:158)
	at io.netty.channel.nio.NioEventLoop.processSelectedKey(NioEventLoop.java:646)
	at io.netty.channel.nio.NioEventLoop.processSelectedKeysOptimized(NioEventLoop.java:581)
	at io.netty.channel.nio.NioEventLoop.processSelectedKeys(NioEventLoop.java:498)
	at io.netty.channel.nio.NioEventLoop.run(NioEventLoop.java:460)
	at io.netty.util.concurrent.SingleThreadEventExecutor$2.run(SingleThreadEventExecutor.java:131)
	at io.netty.util.concurrent.DefaultThreadFactory$DefaultRunnableDecorator.run(DefaultThreadFactory.java:138)
	at java.lang.Thread.run(Unknown Source)
18:38:14.207 [TriggersWorkerPool-3-1] ERROR com.firebase.server.client.GCFEmulatorPublisher - ece1140-default-rtdb failed to publish trigger to functions emulator with exception
com.firebase.server.client.ChannelClosedException$: The underlying socket was closed and released from the connection pool
	at com.firebase.server.client.ChannelClosedException$.<clinit>(SingleHostChannelPool.scala)
	at com.firebase.server.client.NettyHttpBesieger.$anonfun$channelCreated$2(NettyHttpBesieger.scala:174)
	at com.firebase.server.client.NettyHttpBesieger.$anonfun$channelCreated$2$adapted(NettyHttpBesieger.scala:173)
	at com.firebase.server.util.package$NettyFutureAdapter.$anonfun$onComplete$1(package.scala:85)
	at io.netty.util.concurrent.DefaultPromise.notifyListener0(DefaultPromise.java:507)
	at io.netty.util.concurrent.DefaultPromise.notifyListenersNow(DefaultPromise.java:481)
	at io.netty.util.concurrent.DefaultPromise.notifyListeners(DefaultPromise.java:420)
	at io.netty.util.concurrent.DefaultPromise.trySuccess(DefaultPromise.java:104)
	at io.netty.channel.DefaultChannelPromise.trySuccess(DefaultChannelPromise.java:82)
	at io.netty.channel.AbstractChannel$CloseFuture.setClosed(AbstractChannel.java:1002)
	at io.netty.channel.AbstractChannel$AbstractUnsafe.doClose0(AbstractChannel.java:632)
	at io.netty.channel.AbstractChannel$AbstractUnsafe.close(AbstractChannel.java:610)
	at io.netty.channel.AbstractChannel$AbstractUnsafe.close(AbstractChannel.java:553)
	at io.netty.channel.nio.AbstractNioByteChannel$NioByteUnsafe.closeOnRead(AbstractNioByteChannel.java:71)
	at io.netty.channel.nio.AbstractNioByteChannel$NioByteUnsafe.read(AbstractNioByteChannel.java:158)
	at io.netty.channel.nio.NioEventLoop.processSelectedKey(NioEventLoop.java:646)
	at io.netty.channel.nio.NioEventLoop.processSelectedKeysOptimized(NioEventLoop.java:581)
	at io.netty.channel.nio.NioEventLoop.processSelectedKeys(NioEventLoop.java:498)
	at io.netty.channel.nio.NioEventLoop.run(NioEventLoop.java:460)
	at io.netty.util.concurrent.SingleThreadEventExecutor$2.run(SingleThreadEventExecutor.java:131)
	at io.netty.util.concurrent.DefaultThreadFactory$DefaultRunnableDecorator.run(DefaultThreadFactory.java:138)
	at java.lang.Thread.run(Unknown Source)
18:38:14.207 [TriggersWorkerPool-3-2] ERROR com.firebase.server.client.GCFEmulatorPublisher - ece1140-default-rtdb failed to publish trigger to functions emulator with exception
com.firebase.server.client.ChannelClosedException$: The underlying socket was closed and released from the connection pool
	at com.firebase.server.client.ChannelClosedException$.<clinit>(SingleHostChannelPool.scala)
	at com.firebase.server.client.NettyHttpBesieger.$anonfun$channelCreated$2(NettyHttpBesieger.scala:174)
	at com.firebase.server.client.NettyHttpBesieger.$anonfun$channelCreated$2$adapted(NettyHttpBesieger.scala:173)
	at com.firebase.server.util.package$NettyFutureAdapter.$anonfun$onComplete$1(package.scala:85)
	at io.netty.util.concurrent.DefaultPromise.notifyListener0(DefaultPromise.java:507)
	at io.netty.util.concurrent.DefaultPromise.notifyListenersNow(DefaultPromise.java:481)
	at io.netty.util.concurrent.DefaultPromise.notifyListeners(DefaultPromise.java:420)
	at io.netty.util.concurrent.DefaultPromise.trySuccess(DefaultPromise.java:104)
	at io.netty.channel.DefaultChannelPromise.trySuccess(DefaultChannelPromise.java:82)
	at io.netty.channel.AbstractChannel$CloseFuture.setClosed(AbstractChannel.java:1002)
	at io.netty.channel.AbstractChannel$AbstractUnsafe.doClose0(AbstractChannel.java:632)
	at io.netty.channel.AbstractChannel$AbstractUnsafe.close(AbstractChannel.java:610)
	at io.netty.channel.AbstractChannel$AbstractUnsafe.close(AbstractChannel.java:553)
	at io.netty.channel.nio.AbstractNioByteChannel$NioByteUnsafe.closeOnRead(AbstractNioByteChannel.java:71)
	at io.netty.channel.nio.AbstractNioByteChannel$NioByteUnsafe.read(AbstractNioByteChannel.java:158)
	at io.netty.channel.nio.NioEventLoop.processSelectedKey(NioEventLoop.java:646)
	at io.netty.channel.nio.NioEventLoop.processSelectedKeysOptimized(NioEventLoop.java:581)
	at io.netty.channel.nio.NioEventLoop.processSelectedKeys(NioEventLoop.java:498)
	at io.netty.channel.nio.NioEventLoop.run(NioEventLoop.java:460)
	at io.netty.util.concurrent.SingleThreadEventExecutor$2.run(SingleThreadEventExecutor.java:131)
	at io.netty.util.concurrent.DefaultThreadFactory$DefaultRunnableDecorator.run(DefaultThreadFactory.java:138)
	at java.lang.Thread.run(Unknown Source)
18:38:14.208 [TriggersWorkerPool-3-1] ERROR com.firebase.server.client.GCFEmulatorPublisher - ece1140-default-rtdb failed to publish trigger to functions emulator with exception
com.firebase.server.client.ChannelClosedException$: The underlying socket was closed and released from the connection pool
	at com.firebase.server.client.ChannelClosedException$.<clinit>(SingleHostChannelPool.scala)
	at com.firebase.server.client.NettyHttpBesieger.$anonfun$channelCreated$2(NettyHttpBesieger.scala:174)
	at com.firebase.server.client.NettyHttpBesieger.$anonfun$channelCreated$2$adapted(NettyHttpBesieger.scala:173)
	at com.firebase.server.util.package$NettyFutureAdapter.$anonfun$onComplete$1(package.scala:85)
	at io.netty.util.concurrent.DefaultPromise.notifyListener0(DefaultPromise.java:507)
	at io.netty.util.concurrent.DefaultPromise.notifyListenersNow(DefaultPromise.java:481)
	at io.netty.util.concurrent.DefaultPromise.notifyListeners(DefaultPromise.java:420)
	at io.netty.util.concurrent.DefaultPromise.trySuccess(DefaultPromise.java:104)
	at io.netty.channel.DefaultChannelPromise.trySuccess(DefaultChannelPromise.java:82)
	at io.netty.channel.AbstractChannel$CloseFuture.setClosed(AbstractChannel.java:1002)
	at io.netty.channel.AbstractChannel$AbstractUnsafe.doClose0(AbstractChannel.java:632)
	at io.netty.channel.AbstractChannel$AbstractUnsafe.close(AbstractChannel.java:610)
	at io.netty.channel.AbstractChannel$AbstractUnsafe.close(AbstractChannel.java:553)
	at io.netty.channel.nio.AbstractNioByteChannel$NioByteUnsafe.closeOnRead(AbstractNioByteChannel.java:71)
	at io.netty.channel.nio.AbstractNioByteChannel$NioByteUnsafe.read(AbstractNioByteChannel.java:158)
	at io.netty.channel.nio.NioEventLoop.processSelectedKey(NioEventLoop.java:646)
	at io.netty.channel.nio.NioEventLoop.processSelectedKeysOptimized(NioEventLoop.java:581)
	at io.netty.channel.nio.NioEventLoop.processSelectedKeys(NioEventLoop.java:498)
	at io.netty.channel.nio.NioEventLoop.run(NioEventLoop.java:460)
	at io.netty.util.concurrent.SingleThreadEventExecutor$2.run(SingleThreadEventExecutor.java:131)
	at io.netty.util.concurrent.DefaultThreadFactory$DefaultRunnableDecorator.run(DefaultThreadFactory.java:138)
	at java.lang.Thread.run(Unknown Source)
18:38:14.208 [TriggersWorkerPool-3-2] ERROR com.firebase.server.client.GCFEmulatorPublisher - ece1140-default-rtdb failed to publish trigger to functions emulator with exception
com.firebase.server.client.ChannelClosedException$: The underlying socket was closed and released from the connection pool
	at com.firebase.server.client.ChannelClosedException$.<clinit>(SingleHostChannelPool.scala)
	at com.firebase.server.client.NettyHttpBesieger.$anonfun$channelCreated$2(NettyHttpBesieger.scala:174)
	at com.firebase.server.client.NettyHttpBesieger.$anonfun$channelCreated$2$adapted(NettyHttpBesieger.scala:173)
	at com.firebase.server.util.package$NettyFutureAdapter.$anonfun$onComplete$1(package.scala:85)
	at io.netty.util.concurrent.DefaultPromise.notifyListener0(DefaultPromise.java:507)
	at io.netty.util.concurrent.DefaultPromise.notifyListenersNow(DefaultPromise.java:481)
	at io.netty.util.concurrent.DefaultPromise.notifyListeners(DefaultPromise.java:420)
	at io.netty.util.concurrent.DefaultPromise.trySuccess(DefaultPromise.java:104)
	at io.netty.channel.DefaultChannelPromise.trySuccess(DefaultChannelPromise.java:82)
	at io.netty.channel.AbstractChannel$CloseFuture.setClosed(AbstractChannel.java:1002)
	at io.netty.channel.AbstractChannel$AbstractUnsafe.doClose0(AbstractChannel.java:632)
	at io.netty.channel.AbstractChannel$AbstractUnsafe.close(AbstractChannel.java:610)
	at io.netty.channel.AbstractChannel$AbstractUnsafe.close(AbstractChannel.java:553)
	at io.netty.channel.nio.AbstractNioByteChannel$NioByteUnsafe.closeOnRead(AbstractNioByteChannel.java:71)
	at io.netty.channel.nio.AbstractNioByteChannel$NioByteUnsafe.read(AbstractNioByteChannel.java:158)
	at io.netty.channel.nio.NioEventLoop.processSelectedKey(NioEventLoop.java:646)
	at io.netty.channel.nio.NioEventLoop.processSelectedKeysOptimized(NioEventLoop.java:581)
	at io.netty.channel.nio.NioEventLoop.processSelectedKeys(NioEventLoop.java:498)
	at io.netty.channel.nio.NioEventLoop.run(NioEventLoop.java:460)
	at io.netty.util.concurrent.SingleThreadEventExecutor$2.run(SingleThreadEventExecutor.java:131)
	at io.netty.util.concurrent.DefaultThreadFactory$DefaultRunnableDecorator.run(DefaultThreadFactory.java:138)
	at java.lang.Thread.run(Unknown Source)
18:38:14.208 [TriggersWorkerPool-3-1] ERROR com.firebase.server.client.GCFEmulatorPublisher - ece1140-default-rtdb failed to publish trigger to functions emulator with exception
com.firebase.server.client.ChannelClosedException$: The underlying socket was closed and released from the connection pool
	at com.firebase.server.client.ChannelClosedException$.<clinit>(SingleHostChannelPool.scala)
	at com.firebase.server.client.NettyHttpBesieger.$anonfun$channelCreated$2(NettyHttpBesieger.scala:174)
	at com.firebase.server.client.NettyHttpBesieger.$anonfun$channelCreated$2$adapted(NettyHttpBesieger.scala:173)
	at com.firebase.server.util.package$NettyFutureAdapter.$anonfun$onComplete$1(package.scala:85)
	at io.netty.util.concurrent.DefaultPromise.notifyListener0(DefaultPromise.java:507)
	at io.netty.util.concurrent.DefaultPromise.notifyListenersNow(DefaultPromise.java:481)
	at io.netty.util.concurrent.DefaultPromise.notifyListeners(DefaultPromise.java:420)
	at io.netty.util.concurrent.DefaultPromise.trySuccess(DefaultPromise.java:104)
	at io.netty.channel.DefaultChannelPromise.trySuccess(DefaultChannelPromise.java:82)
	at io.netty.channel.AbstractChannel$CloseFuture.setClosed(AbstractChannel.java:1002)
	at io.netty.channel.AbstractChannel$AbstractUnsafe.doClose0(AbstractChannel.java:632)
	at io.netty.channel.AbstractChannel$AbstractUnsafe.close(AbstractChannel.java:610)
	at io.netty.channel.AbstractChannel$AbstractUnsafe.close(AbstractChannel.java:553)
	at io.netty.channel.nio.AbstractNioByteChannel$NioByteUnsafe.closeOnRead(AbstractNioByteChannel.java:71)
	at io.netty.channel.nio.AbstractNioByteChannel$NioByteUnsafe.read(AbstractNioByteChannel.java:158)
	at io.netty.channel.nio.NioEventLoop.processSelectedKey(NioEventLoop.java:646)
	at io.netty.channel.nio.NioEventLoop.processSelectedKeysOptimized(NioEventLoop.java:581)
	at io.netty.channel.nio.NioEventLoop.processSelectedKeys(NioEventLoop.java:498)
	at io.netty.channel.nio.NioEventLoop.run(NioEventLoop.java:460)
	at io.netty.util.concurrent.SingleThreadEventExecutor$2.run(SingleThreadEventExecutor.java:131)
	at io.netty.util.concurrent.DefaultThreadFactory$DefaultRunnableDecorator.run(DefaultThreadFactory.java:138)
	at java.lang.Thread.run(Unknown Source)
18:38:14.208 [TriggersWorkerPool-3-2] ERROR com.firebase.server.client.GCFEmulatorPublisher - ece1140-default-rtdb failed to publish trigger to functions emulator with exception
com.firebase.server.client.ChannelClosedException$: The underlying socket was closed and released from the connection pool
	at com.firebase.server.client.ChannelClosedException$.<clinit>(SingleHostChannelPool.scala)
	at com.firebase.server.client.NettyHttpBesieger.$anonfun$channelCreated$2(NettyHttpBesieger.scala:174)
	at com.firebase.server.client.NettyHttpBesieger.$anonfun$channelCreated$2$adapted(NettyHttpBesieger.scala:173)
	at com.firebase.server.util.package$NettyFutureAdapter.$anonfun$onComplete$1(package.scala:85)
	at io.netty.util.concurrent.DefaultPromise.notifyListener0(DefaultPromise.java:507)
	at io.netty.util.concurrent.DefaultPromise.notifyListenersNow(DefaultPromise.java:481)
	at io.netty.util.concurrent.DefaultPromise.notifyListeners(DefaultPromise.java:420)
	at io.netty.util.concurrent.DefaultPromise.trySuccess(DefaultPromise.java:104)
	at io.netty.channel.DefaultChannelPromise.trySuccess(DefaultChannelPromise.java:82)
	at io.netty.channel.AbstractChannel$CloseFuture.setClosed(AbstractChannel.java:1002)
	at io.netty.channel.AbstractChannel$AbstractUnsafe.doClose0(AbstractChannel.java:632)
	at io.netty.channel.AbstractChannel$AbstractUnsafe.close(AbstractChannel.java:610)
	at io.netty.channel.AbstractChannel$AbstractUnsafe.close(AbstractChannel.java:553)
	at io.netty.channel.nio.AbstractNioByteChannel$NioByteUnsafe.closeOnRead(AbstractNioByteChannel.java:71)
	at io.netty.channel.nio.AbstractNioByteChannel$NioByteUnsafe.read(AbstractNioByteChannel.java:158)
	at io.netty.channel.nio.NioEventLoop.processSelectedKey(NioEventLoop.java:646)
	at io.netty.channel.nio.NioEventLoop.processSelectedKeysOptimized(NioEventLoop.java:581)
	at io.netty.channel.nio.NioEventLoop.processSelectedKeys(NioEventLoop.java:498)
	at io.netty.channel.nio.NioEventLoop.run(NioEventLoop.java:460)
	at io.netty.util.concurrent.SingleThreadEventExecutor$2.run(SingleThreadEventExecutor.java:131)
	at io.netty.util.concurrent.DefaultThreadFactory$DefaultRunnableDecorator.run(DefaultThreadFactory.java:138)
	at java.lang.Thread.run(Unknown Source)
18:38:23.885 [TriggersWorkerPool-3-1] ERROR com.firebase.server.client.GCFEmulatorPublisher - ece1140-default-rtdb failed to publish trigger to functions emulator with exception
com.firebase.server.client.ChannelClosedException$: The underlying socket was closed and released from the connection pool
	at com.firebase.server.client.ChannelClosedException$.<clinit>(SingleHostChannelPool.scala)
	at com.firebase.server.client.NettyHttpBesieger.$anonfun$channelCreated$2(NettyHttpBesieger.scala:174)
	at com.firebase.server.client.NettyHttpBesieger.$anonfun$channelCreated$2$adapted(NettyHttpBesieger.scala:173)
	at com.firebase.server.util.package$NettyFutureAdapter.$anonfun$onComplete$1(package.scala:85)
	at io.netty.util.concurrent.DefaultPromise.notifyListener0(DefaultPromise.java:507)
	at io.netty.util.concurrent.DefaultPromise.notifyListenersNow(DefaultPromise.java:481)
	at io.netty.util.concurrent.DefaultPromise.notifyListeners(DefaultPromise.java:420)
	at io.netty.util.concurrent.DefaultPromise.trySuccess(DefaultPromise.java:104)
	at io.netty.channel.DefaultChannelPromise.trySuccess(DefaultChannelPromise.java:82)
	at io.netty.channel.AbstractChannel$CloseFuture.setClosed(AbstractChannel.java:1002)
	at io.netty.channel.AbstractChannel$AbstractUnsafe.doClose0(AbstractChannel.java:632)
	at io.netty.channel.AbstractChannel$AbstractUnsafe.close(AbstractChannel.java:610)
	at io.netty.channel.AbstractChannel$AbstractUnsafe.close(AbstractChannel.java:553)
	at io.netty.channel.nio.AbstractNioByteChannel$NioByteUnsafe.closeOnRead(AbstractNioByteChannel.java:71)
	at io.netty.channel.nio.AbstractNioByteChannel$NioByteUnsafe.read(AbstractNioByteChannel.java:158)
	at io.netty.channel.nio.NioEventLoop.processSelectedKey(NioEventLoop.java:646)
	at io.netty.channel.nio.NioEventLoop.processSelectedKeysOptimized(NioEventLoop.java:581)
	at io.netty.channel.nio.NioEventLoop.processSelectedKeys(NioEventLoop.java:498)
	at io.netty.channel.nio.NioEventLoop.run(NioEventLoop.java:460)
	at io.netty.util.concurrent.SingleThreadEventExecutor$2.run(SingleThreadEventExecutor.java:131)
	at io.netty.util.concurrent.DefaultThreadFactory$DefaultRunnableDecorator.run(DefaultThreadFactory.java:138)
	at java.lang.Thread.run(Unknown Source)
18:38:23.885 [TriggersWorkerPool-3-2] ERROR com.firebase.server.client.GCFEmulatorPublisher - ece1140-default-rtdb failed to publish trigger to functions emulator with exception
com.firebase.server.client.ChannelClosedException$: The underlying socket was closed and released from the connection pool
	at com.firebase.server.client.ChannelClosedException$.<clinit>(SingleHostChannelPool.scala)
	at com.firebase.server.client.NettyHttpBesieger.$anonfun$channelCreated$2(NettyHttpBesieger.scala:174)
	at com.firebase.server.client.NettyHttpBesieger.$anonfun$channelCreated$2$adapted(NettyHttpBesieger.scala:173)
	at com.firebase.server.util.package$NettyFutureAdapter.$anonfun$onComplete$1(package.scala:85)
	at io.netty.util.concurrent.DefaultPromise.notifyListener0(DefaultPromise.java:507)
	at io.netty.util.concurrent.DefaultPromise.notifyListenersNow(DefaultPromise.java:481)
	at io.netty.util.concurrent.DefaultPromise.notifyListeners(DefaultPromise.java:420)
	at io.netty.util.concurrent.DefaultPromise.trySuccess(DefaultPromise.java:104)
	at io.netty.channel.DefaultChannelPromise.trySuccess(DefaultChannelPromise.java:82)
	at io.netty.channel.AbstractChannel$CloseFuture.setClosed(AbstractChannel.java:1002)
	at io.netty.channel.AbstractChannel$AbstractUnsafe.doClose0(AbstractChannel.java:632)
	at io.netty.channel.AbstractChannel$AbstractUnsafe.close(AbstractChannel.java:610)
	at io.netty.channel.AbstractChannel$AbstractUnsafe.close(AbstractChannel.java:553)
	at io.netty.channel.nio.AbstractNioByteChannel$NioByteUnsafe.closeOnRead(AbstractNioByteChannel.java:71)
	at io.netty.channel.nio.AbstractNioByteChannel$NioByteUnsafe.read(AbstractNioByteChannel.java:158)
	at io.netty.channel.nio.NioEventLoop.processSelectedKey(NioEventLoop.java:646)
	at io.netty.channel.nio.NioEventLoop.processSelectedKeysOptimized(NioEventLoop.java:581)
	at io.netty.channel.nio.NioEventLoop.processSelectedKeys(NioEventLoop.java:498)
	at io.netty.channel.nio.NioEventLoop.run(NioEventLoop.java:460)
	at io.netty.util.concurrent.SingleThreadEventExecutor$2.run(SingleThreadEventExecutor.java:131)
	at io.netty.util.concurrent.DefaultThreadFactory$DefaultRunnableDecorator.run(DefaultThreadFactory.java:138)
	at java.lang.Thread.run(Unknown Source)
18:38:33.839 [TriggersWorkerPool-3-1] ERROR com.firebase.server.client.GCFEmulatorPublisher - ece1140-default-rtdb failed to publish trigger to functions emulator with exception
com.firebase.server.client.ChannelClosedException$: The underlying socket was closed and released from the connection pool
	at com.firebase.server.client.ChannelClosedException$.<clinit>(SingleHostChannelPool.scala)
	at com.firebase.server.client.NettyHttpBesieger.$anonfun$channelCreated$2(NettyHttpBesieger.scala:174)
	at com.firebase.server.client.NettyHttpBesieger.$anonfun$channelCreated$2$adapted(NettyHttpBesieger.scala:173)
	at com.firebase.server.util.package$NettyFutureAdapter.$anonfun$onComplete$1(package.scala:85)
	at io.netty.util.concurrent.DefaultPromise.notifyListener0(DefaultPromise.java:507)
	at io.netty.util.concurrent.DefaultPromise.notifyListenersNow(DefaultPromise.java:481)
	at io.netty.util.concurrent.DefaultPromise.notifyListeners(DefaultPromise.java:420)
	at io.netty.util.concurrent.DefaultPromise.trySuccess(DefaultPromise.java:104)
	at io.netty.channel.DefaultChannelPromise.trySuccess(DefaultChannelPromise.java:82)
	at io.netty.channel.AbstractChannel$CloseFuture.setClosed(AbstractChannel.java:1002)
	at io.netty.channel.AbstractChannel$AbstractUnsafe.doClose0(AbstractChannel.java:632)
	at io.netty.channel.AbstractChannel$AbstractUnsafe.close(AbstractChannel.java:610)
	at io.netty.channel.AbstractChannel$AbstractUnsafe.close(AbstractChannel.java:553)
	at io.netty.channel.nio.AbstractNioByteChannel$NioByteUnsafe.closeOnRead(AbstractNioByteChannel.java:71)
	at io.netty.channel.nio.AbstractNioByteChannel$NioByteUnsafe.read(AbstractNioByteChannel.java:158)
	at io.netty.channel.nio.NioEventLoop.processSelectedKey(NioEventLoop.java:646)
	at io.netty.channel.nio.NioEventLoop.processSelectedKeysOptimized(NioEventLoop.java:581)
	at io.netty.channel.nio.NioEventLoop.processSelectedKeys(NioEventLoop.java:498)
	at io.netty.channel.nio.NioEventLoop.run(NioEventLoop.java:460)
	at io.netty.util.concurrent.SingleThreadEventExecutor$2.run(SingleThreadEventExecutor.java:131)
	at io.netty.util.concurrent.DefaultThreadFactory$DefaultRunnableDecorator.run(DefaultThreadFactory.java:138)
	at java.lang.Thread.run(Unknown Source)
18:38:33.839 [TriggersWorkerPool-3-2] ERROR com.firebase.server.client.GCFEmulatorPublisher - ece1140-default-rtdb failed to publish trigger to functions emulator with exception
com.firebase.server.client.ChannelClosedException$: The underlying socket was closed and released from the connection pool
	at com.firebase.server.client.ChannelClosedException$.<clinit>(SingleHostChannelPool.scala)
	at com.firebase.server.client.NettyHttpBesieger.$anonfun$channelCreated$2(NettyHttpBesieger.scala:174)
	at com.firebase.server.client.NettyHttpBesieger.$anonfun$channelCreated$2$adapted(NettyHttpBesieger.scala:173)
	at com.firebase.server.util.package$NettyFutureAdapter.$anonfun$onComplete$1(package.scala:85)
	at io.netty.util.concurrent.DefaultPromise.notifyListener0(DefaultPromise.java:507)
	at io.netty.util.concurrent.DefaultPromise.notifyListenersNow(DefaultPromise.java:481)
	at io.netty.util.concurrent.DefaultPromise.notifyListeners(DefaultPromise.java:420)
	at io.netty.util.concurrent.DefaultPromise.trySuccess(DefaultPromise.java:104)
	at io.netty.channel.DefaultChannelPromise.trySuccess(DefaultChannelPromise.java:82)
	at io.netty.channel.AbstractChannel$CloseFuture.setClosed(AbstractChannel.java:1002)
	at io.netty.channel.AbstractChannel$AbstractUnsafe.doClose0(AbstractChannel.java:632)
	at io.netty.channel.AbstractChannel$AbstractUnsafe.close(AbstractChannel.java:610)
	at io.netty.channel.AbstractChannel$AbstractUnsafe.close(AbstractChannel.java:553)
	at io.netty.channel.nio.AbstractNioByteChannel$NioByteUnsafe.closeOnRead(AbstractNioByteChannel.java:71)
	at io.netty.channel.nio.AbstractNioByteChannel$NioByteUnsafe.read(AbstractNioByteChannel.java:158)
	at io.netty.channel.nio.NioEventLoop.processSelectedKey(NioEventLoop.java:646)
	at io.netty.channel.nio.NioEventLoop.processSelectedKeysOptimized(NioEventLoop.java:581)
	at io.netty.channel.nio.NioEventLoop.processSelectedKeys(NioEventLoop.java:498)
	at io.netty.channel.nio.NioEventLoop.run(NioEventLoop.java:460)
	at io.netty.util.concurrent.SingleThreadEventExecutor$2.run(SingleThreadEventExecutor.java:131)
	at io.netty.util.concurrent.DefaultThreadFactory$DefaultRunnableDecorator.run(DefaultThreadFactory.java:138)
	at java.lang.Thread.run(Unknown Source)
18:38:33.840 [TriggersWorkerPool-3-2] ERROR com.firebase.server.client.GCFEmulatorPublisher - ece1140-default-rtdb failed to publish trigger to functions emulator with exception
com.firebase.server.client.ChannelClosedException$: The underlying socket was closed and released from the connection pool
	at com.firebase.server.client.ChannelClosedException$.<clinit>(SingleHostChannelPool.scala)
	at com.firebase.server.client.NettyHttpBesieger.$anonfun$channelCreated$2(NettyHttpBesieger.scala:174)
	at com.firebase.server.client.NettyHttpBesieger.$anonfun$channelCreated$2$adapted(NettyHttpBesieger.scala:173)
	at com.firebase.server.util.package$NettyFutureAdapter.$anonfun$onComplete$1(package.scala:85)
	at io.netty.util.concurrent.DefaultPromise.notifyListener0(DefaultPromise.java:507)
	at io.netty.util.concurrent.DefaultPromise.notifyListenersNow(DefaultPromise.java:481)
	at io.netty.util.concurrent.DefaultPromise.notifyListeners(DefaultPromise.java:420)
	at io.netty.util.concurrent.DefaultPromise.trySuccess(DefaultPromise.java:104)
	at io.netty.channel.DefaultChannelPromise.trySuccess(DefaultChannelPromise.java:82)
	at io.netty.channel.AbstractChannel$CloseFuture.setClosed(AbstractChannel.java:1002)
	at io.netty.channel.AbstractChannel$AbstractUnsafe.doClose0(AbstractChannel.java:632)
	at io.netty.channel.AbstractChannel$AbstractUnsafe.close(AbstractChannel.java:610)
	at io.netty.channel.AbstractChannel$AbstractUnsafe.close(AbstractChannel.java:553)
	at io.netty.channel.nio.AbstractNioByteChannel$NioByteUnsafe.closeOnRead(AbstractNioByteChannel.java:71)
	at io.netty.channel.nio.AbstractNioByteChannel$NioByteUnsafe.read(AbstractNioByteChannel.java:158)
	at io.netty.channel.nio.NioEventLoop.processSelectedKey(NioEventLoop.java:646)
	at io.netty.channel.nio.NioEventLoop.processSelectedKeysOptimized(NioEventLoop.java:581)
	at io.netty.channel.nio.NioEventLoop.processSelectedKeys(NioEventLoop.java:498)
	at io.netty.channel.nio.NioEventLoop.run(NioEventLoop.java:460)
	at io.netty.util.concurrent.SingleThreadEventExecutor$2.run(SingleThreadEventExecutor.java:131)
	at io.netty.util.concurrent.DefaultThreadFactory$DefaultRunnableDecorator.run(DefaultThreadFactory.java:138)
	at java.lang.Thread.run(Unknown Source)
18:38:43.466 [TriggersWorkerPool-3-1] ERROR com.firebase.server.client.GCFEmulatorPublisher - ece1140-default-rtdb failed to publish trigger to functions emulator with exception
com.firebase.server.client.ChannelClosedException$: The underlying socket was closed and released from the connection pool
	at com.firebase.server.client.ChannelClosedException$.<clinit>(SingleHostChannelPool.scala)
	at com.firebase.server.client.NettyHttpBesieger.$anonfun$channelCreated$2(NettyHttpBesieger.scala:174)
	at com.firebase.server.client.NettyHttpBesieger.$anonfun$channelCreated$2$adapted(NettyHttpBesieger.scala:173)
	at com.firebase.server.util.package$NettyFutureAdapter.$anonfun$onComplete$1(package.scala:85)
	at io.netty.util.concurrent.DefaultPromise.notifyListener0(DefaultPromise.java:507)
	at io.netty.util.concurrent.DefaultPromise.notifyListenersNow(DefaultPromise.java:481)
	at io.netty.util.concurrent.DefaultPromise.notifyListeners(DefaultPromise.java:420)
	at io.netty.util.concurrent.DefaultPromise.trySuccess(DefaultPromise.java:104)
	at io.netty.channel.DefaultChannelPromise.trySuccess(DefaultChannelPromise.java:82)
	at io.netty.channel.AbstractChannel$CloseFuture.setClosed(AbstractChannel.java:1002)
	at io.netty.channel.AbstractChannel$AbstractUnsafe.doClose0(AbstractChannel.java:632)
	at io.netty.channel.AbstractChannel$AbstractUnsafe.close(AbstractChannel.java:610)
	at io.netty.channel.AbstractChannel$AbstractUnsafe.close(AbstractChannel.java:553)
	at io.netty.channel.nio.AbstractNioByteChannel$NioByteUnsafe.closeOnRead(AbstractNioByteChannel.java:71)
	at io.netty.channel.nio.AbstractNioByteChannel$NioByteUnsafe.read(AbstractNioByteChannel.java:158)
	at io.netty.channel.nio.NioEventLoop.processSelectedKey(NioEventLoop.java:646)
	at io.netty.channel.nio.NioEventLoop.processSelectedKeysOptimized(NioEventLoop.java:581)
	at io.netty.channel.nio.NioEventLoop.processSelectedKeys(NioEventLoop.java:498)
	at io.netty.channel.nio.NioEventLoop.run(NioEventLoop.java:460)
	at io.netty.util.concurrent.SingleThreadEventExecutor$2.run(SingleThreadEventExecutor.java:131)
	at io.netty.util.concurrent.DefaultThreadFactory$DefaultRunnableDecorator.run(DefaultThreadFactory.java:138)
	at java.lang.Thread.run(Unknown Source)
18:38:43.466 [TriggersWorkerPool-3-2] ERROR com.firebase.server.client.GCFEmulatorPublisher - ece1140-default-rtdb failed to publish trigger to functions emulator with exception
com.firebase.server.client.ChannelClosedException$: The underlying socket was closed and released from the connection pool
	at com.firebase.server.client.ChannelClosedException$.<clinit>(SingleHostChannelPool.scala)
	at com.firebase.server.client.NettyHttpBesieger.$anonfun$channelCreated$2(NettyHttpBesieger.scala:174)
	at com.firebase.server.client.NettyHttpBesieger.$anonfun$channelCreated$2$adapted(NettyHttpBesieger.scala:173)
	at com.firebase.server.util.package$NettyFutureAdapter.$anonfun$onComplete$1(package.scala:85)
	at io.netty.util.concurrent.DefaultPromise.notifyListener0(DefaultPromise.java:507)
	at io.netty.util.concurrent.DefaultPromise.notifyListenersNow(DefaultPromise.java:481)
	at io.netty.util.concurrent.DefaultPromise.notifyListeners(DefaultPromise.java:420)
	at io.netty.util.concurrent.DefaultPromise.trySuccess(DefaultPromise.java:104)
	at io.netty.channel.DefaultChannelPromise.trySuccess(DefaultChannelPromise.java:82)
	at io.netty.channel.AbstractChannel$CloseFuture.setClosed(AbstractChannel.java:1002)
	at io.netty.channel.AbstractChannel$AbstractUnsafe.doClose0(AbstractChannel.java:632)
	at io.netty.channel.AbstractChannel$AbstractUnsafe.close(AbstractChannel.java:610)
	at io.netty.channel.AbstractChannel$AbstractUnsafe.close(AbstractChannel.java:553)
	at io.netty.channel.nio.AbstractNioByteChannel$NioByteUnsafe.closeOnRead(AbstractNioByteChannel.java:71)
	at io.netty.channel.nio.AbstractNioByteChannel$NioByteUnsafe.read(AbstractNioByteChannel.java:158)
	at io.netty.channel.nio.NioEventLoop.processSelectedKey(NioEventLoop.java:646)
	at io.netty.channel.nio.NioEventLoop.processSelectedKeysOptimized(NioEventLoop.java:581)
	at io.netty.channel.nio.NioEventLoop.processSelectedKeys(NioEventLoop.java:498)
	at io.netty.channel.nio.NioEventLoop.run(NioEventLoop.java:460)
	at io.netty.util.concurrent.SingleThreadEventExecutor$2.run(SingleThreadEventExecutor.java:131)
	at io.netty.util.concurrent.DefaultThreadFactory$DefaultRunnableDecorator.run(DefaultThreadFactory.java:138)
	at java.lang.Thread.run(Unknown Source)
18:38:54.510 [TriggersWorkerPool-3-2] ERROR com.firebase.server.client.GCFEmulatorPublisher - ece1140-default-rtdb failed to publish trigger to functions emulator with exception
com.firebase.server.client.ChannelClosedException$: The underlying socket was closed and released from the connection pool
	at com.firebase.server.client.ChannelClosedException$.<clinit>(SingleHostChannelPool.scala)
	at com.firebase.server.client.NettyHttpBesieger.$anonfun$channelCreated$2(NettyHttpBesieger.scala:174)
	at com.firebase.server.client.NettyHttpBesieger.$anonfun$channelCreated$2$adapted(NettyHttpBesieger.scala:173)
	at com.firebase.server.util.package$NettyFutureAdapter.$anonfun$onComplete$1(package.scala:85)
	at io.netty.util.concurrent.DefaultPromise.notifyListener0(DefaultPromise.java:507)
	at io.netty.util.concurrent.DefaultPromise.notifyListenersNow(DefaultPromise.java:481)
	at io.netty.util.concurrent.DefaultPromise.notifyListeners(DefaultPromise.java:420)
	at io.netty.util.concurrent.DefaultPromise.trySuccess(DefaultPromise.java:104)
	at io.netty.channel.DefaultChannelPromise.trySuccess(DefaultChannelPromise.java:82)
	at io.netty.channel.AbstractChannel$CloseFuture.setClosed(AbstractChannel.java:1002)
	at io.netty.channel.AbstractChannel$AbstractUnsafe.doClose0(AbstractChannel.java:632)
	at io.netty.channel.AbstractChannel$AbstractUnsafe.close(AbstractChannel.java:610)
	at io.netty.channel.AbstractChannel$AbstractUnsafe.close(AbstractChannel.java:553)
	at io.netty.channel.nio.AbstractNioByteChannel$NioByteUnsafe.closeOnRead(AbstractNioByteChannel.java:71)
	at io.netty.channel.nio.AbstractNioByteChannel$NioByteUnsafe.read(AbstractNioByteChannel.java:158)
	at io.netty.channel.nio.NioEventLoop.processSelectedKey(NioEventLoop.java:646)
	at io.netty.channel.nio.NioEventLoop.processSelectedKeysOptimized(NioEventLoop.java:581)
	at io.netty.channel.nio.NioEventLoop.processSelectedKeys(NioEventLoop.java:498)
	at io.netty.channel.nio.NioEventLoop.run(NioEventLoop.java:460)
	at io.netty.util.concurrent.SingleThreadEventExecutor$2.run(SingleThreadEventExecutor.java:131)
	at io.netty.util.concurrent.DefaultThreadFactory$DefaultRunnableDecorator.run(DefaultThreadFactory.java:138)
	at java.lang.Thread.run(Unknown Source)
18:38:54.510 [TriggersWorkerPool-3-1] ERROR com.firebase.server.client.GCFEmulatorPublisher - ece1140-default-rtdb failed to publish trigger to functions emulator with exception
com.firebase.server.client.ChannelClosedException$: The underlying socket was closed and released from the connection pool
	at com.firebase.server.client.ChannelClosedException$.<clinit>(SingleHostChannelPool.scala)
	at com.firebase.server.client.NettyHttpBesieger.$anonfun$channelCreated$2(NettyHttpBesieger.scala:174)
	at com.firebase.server.client.NettyHttpBesieger.$anonfun$channelCreated$2$adapted(NettyHttpBesieger.scala:173)
	at com.firebase.server.util.package$NettyFutureAdapter.$anonfun$onComplete$1(package.scala:85)
	at io.netty.util.concurrent.DefaultPromise.notifyListener0(DefaultPromise.java:507)
	at io.netty.util.concurrent.DefaultPromise.notifyListenersNow(DefaultPromise.java:481)
	at io.netty.util.concurrent.DefaultPromise.notifyListeners(DefaultPromise.java:420)
	at io.netty.util.concurrent.DefaultPromise.trySuccess(DefaultPromise.java:104)
	at io.netty.channel.DefaultChannelPromise.trySuccess(DefaultChannelPromise.java:82)
	at io.netty.channel.AbstractChannel$CloseFuture.setClosed(AbstractChannel.java:1002)
	at io.netty.channel.AbstractChannel$AbstractUnsafe.doClose0(AbstractChannel.java:632)
	at io.netty.channel.AbstractChannel$AbstractUnsafe.close(AbstractChannel.java:610)
	at io.netty.channel.AbstractChannel$AbstractUnsafe.close(AbstractChannel.java:553)
	at io.netty.channel.nio.AbstractNioByteChannel$NioByteUnsafe.closeOnRead(AbstractNioByteChannel.java:71)
	at io.netty.channel.nio.AbstractNioByteChannel$NioByteUnsafe.read(AbstractNioByteChannel.java:158)
	at io.netty.channel.nio.NioEventLoop.processSelectedKey(NioEventLoop.java:646)
	at io.netty.channel.nio.NioEventLoop.processSelectedKeysOptimized(NioEventLoop.java:581)
	at io.netty.channel.nio.NioEventLoop.processSelectedKeys(NioEventLoop.java:498)
	at io.netty.channel.nio.NioEventLoop.run(NioEventLoop.java:460)
	at io.netty.util.concurrent.SingleThreadEventExecutor$2.run(SingleThreadEventExecutor.java:131)
	at io.netty.util.concurrent.DefaultThreadFactory$DefaultRunnableDecorator.run(DefaultThreadFactory.java:138)
	at java.lang.Thread.run(Unknown Source)
18:38:54.511 [TriggersWorkerPool-3-2] ERROR com.firebase.server.client.GCFEmulatorPublisher - ece1140-default-rtdb failed to publish trigger to functions emulator with exception
com.firebase.server.client.ChannelClosedException$: The underlying socket was closed and released from the connection pool
	at com.firebase.server.client.ChannelClosedException$.<clinit>(SingleHostChannelPool.scala)
	at com.firebase.server.client.NettyHttpBesieger.$anonfun$channelCreated$2(NettyHttpBesieger.scala:174)
	at com.firebase.server.client.NettyHttpBesieger.$anonfun$channelCreated$2$adapted(NettyHttpBesieger.scala:173)
	at com.firebase.server.util.package$NettyFutureAdapter.$anonfun$onComplete$1(package.scala:85)
	at io.netty.util.concurrent.DefaultPromise.notifyListener0(DefaultPromise.java:507)
	at io.netty.util.concurrent.DefaultPromise.notifyListenersNow(DefaultPromise.java:481)
	at io.netty.util.concurrent.DefaultPromise.notifyListeners(DefaultPromise.java:420)
	at io.netty.util.concurrent.DefaultPromise.trySuccess(DefaultPromise.java:104)
	at io.netty.channel.DefaultChannelPromise.trySuccess(DefaultChannelPromise.java:82)
	at io.netty.channel.AbstractChannel$CloseFuture.setClosed(AbstractChannel.java:1002)
	at io.netty.channel.AbstractChannel$AbstractUnsafe.doClose0(AbstractChannel.java:632)
	at io.netty.channel.AbstractChannel$AbstractUnsafe.close(AbstractChannel.java:610)
	at io.netty.channel.AbstractChannel$AbstractUnsafe.close(AbstractChannel.java:553)
	at io.netty.channel.nio.AbstractNioByteChannel$NioByteUnsafe.closeOnRead(AbstractNioByteChannel.java:71)
	at io.netty.channel.nio.AbstractNioByteChannel$NioByteUnsafe.read(AbstractNioByteChannel.java:158)
	at io.netty.channel.nio.NioEventLoop.processSelectedKey(NioEventLoop.java:646)
	at io.netty.channel.nio.NioEventLoop.processSelectedKeysOptimized(NioEventLoop.java:581)
	at io.netty.channel.nio.NioEventLoop.processSelectedKeys(NioEventLoop.java:498)
	at io.netty.channel.nio.NioEventLoop.run(NioEventLoop.java:460)
	at io.netty.util.concurrent.SingleThreadEventExecutor$2.run(SingleThreadEventExecutor.java:131)
	at io.netty.util.concurrent.DefaultThreadFactory$DefaultRunnableDecorator.run(DefaultThreadFactory.java:138)
	at java.lang.Thread.run(Unknown Source)
