[debug] [2021-07-31T19:45:10.372Z] ----------------------------------------------------------------------
[debug] [2021-07-31T19:45:10.374Z] Command:       C:\Program Files (x86)\nodejs\node.exe C:\Users\Benta\AppData\Roaming\npm\node_modules\firebase-tools\lib\bin\firebase.js emulators:start
[debug] [2021-07-31T19:45:10.374Z] CLI Version:   9.16.0
[debug] [2021-07-31T19:45:10.374Z] Platform:      win32
[debug] [2021-07-31T19:45:10.374Z] Node Version:  v14.17.0
[debug] [2021-07-31T19:45:10.375Z] Time:          Sat Jul 31 2021 15:45:10 GMT-0400 (Eastern Daylight Time)
[debug] [2021-07-31T19:45:10.375Z] ----------------------------------------------------------------------
[debug] 
[debug] [2021-07-31T19:45:10.423Z] > command requires scopes: ["email","openid","https://www.googleapis.com/auth/cloudplatformprojects.readonly","https://www.googleapis.com/auth/firebase","https://www.googleapis.com/auth/cloud-platform"]
[debug] [2021-07-31T19:45:10.424Z] > authorizing via signed-in user (bentanay@gmail.com)
[info] i  emulators: Starting emulators: functions, database, hosting {"metadata":{"emulator":{"name":"hub"},"message":"Starting emulators: functions, database, hosting"}}
[debug] [2021-07-31T19:45:10.443Z] [hub] writing locator at C:\Users\Benta\AppData\Local\Temp\hub-ece1140.json
[warn] !  functions: The following emulators are not running, calls to these services from the Functions emulator will affect production: auth, firestore, pubsub, storage {"metadata":{"emulator":{"name":"functions"},"message":"The following emulators are not running, calls to these services from the Functions emulator will affect production: \u001b[1mauth, firestore, pubsub, storage\u001b[22m"}}
[warn] !  Your requested "node" version "10" doesn't match your global version "14" {"metadata":{"emulator":{"name":"functions"},"message":"Your requested \"node\" version \"10\" doesn't match your global version \"14\""}}
[debug] [2021-07-31T19:45:10.471Z] defaultcredentials: writing to file C:\Users\Benta\AppData\Roaming\firebase\bentanay_gmail_com_application_default_credentials.json
[debug] [2021-07-31T19:45:10.473Z] Setting GAC to C:\Users\Benta\AppData\Roaming\firebase\bentanay_gmail_com_application_default_credentials.json {"metadata":{"emulator":{"name":"functions"},"message":"Setting GAC to C:\\Users\\Benta\\AppData\\Roaming\\firebase\\bentanay_gmail_com_application_default_credentials.json"}}
[debug] [2021-07-31T19:45:10.475Z] >>> [apiv2][query] GET https://firebase.googleapis.com/v1beta1/projects/ece1140/adminSdkConfig [none]
[debug] [2021-07-31T19:45:10.661Z] <<< [apiv2][status] GET https://firebase.googleapis.com/v1beta1/projects/ece1140/adminSdkConfig 200
[debug] [2021-07-31T19:45:10.661Z] <<< [apiv2][body] GET https://firebase.googleapis.com/v1beta1/projects/ece1140/adminSdkConfig {"projectId":"ece1140","databaseURL":"https://ece1140-default-rtdb.firebaseio.com","storageBucket":"ece1140.appspot.com"}
[debug] [2021-07-31T19:45:10.676Z] >>> [apiv2][query] GET https://firebase.googleapis.com/v1beta1/projects/ece1140 [none]
[debug] [2021-07-31T19:45:10.892Z] <<< [apiv2][status] GET https://firebase.googleapis.com/v1beta1/projects/ece1140 200
[debug] [2021-07-31T19:45:10.892Z] <<< [apiv2][body] GET https://firebase.googleapis.com/v1beta1/projects/ece1140 {"projectId":"ece1140","projectNumber":"605378678892","displayName":"ECE1140","name":"projects/ece1140","resources":{"hostingSite":"ece1140","realtimeDatabaseInstance":"ece1140-default-rtdb"},"state":"ACTIVE"}
[debug] [2021-07-31T19:45:10.893Z] database rules config:  [{"instance":"ece1140-default-rtdb","rules":"C:\\Users\\Benta\\OneDrive\\Desktop\\TRAINS\\1140\\database.rules.json"}]
[debug] [2021-07-31T19:45:10.896Z] Ignoring unsupported arg: projectId {"metadata":{"emulator":{"name":"database"},"message":"Ignoring unsupported arg: projectId"}}
[debug] [2021-07-31T19:45:10.896Z] Ignoring unsupported arg: auto_download {"metadata":{"emulator":{"name":"database"},"message":"Ignoring unsupported arg: auto_download"}}
[debug] [2021-07-31T19:45:10.896Z] Ignoring unsupported arg: rules {"metadata":{"emulator":{"name":"database"},"message":"Ignoring unsupported arg: rules"}}
[debug] [2021-07-31T19:45:10.896Z] Starting Database Emulator with command {"binary":"java","args":["-Duser.language=en","-jar","C:\\Users\\Benta\\.cache\\firebase\\emulators\\firebase-database-emulator-v4.7.2.jar","--host","localhost","--port",9000,"--functions_emulator_host","localhost","--functions_emulator_port",5001],"optionalArgs":["port","host","functions_emulator_port","functions_emulator_host"],"joinArgs":false} {"metadata":{"emulator":{"name":"database"},"message":"Starting Database Emulator with command {\"binary\":\"java\",\"args\":[\"-Duser.language=en\",\"-jar\",\"C:\\\\Users\\\\Benta\\\\.cache\\\\firebase\\\\emulators\\\\firebase-database-emulator-v4.7.2.jar\",\"--host\",\"localhost\",\"--port\",9000,\"--functions_emulator_host\",\"localhost\",\"--functions_emulator_port\",5001],\"optionalArgs\":[\"port\",\"host\",\"functions_emulator_port\",\"functions_emulator_host\"],\"joinArgs\":false}"}}
[info] i  database: Database Emulator logging to database-debug.log {"metadata":{"emulator":{"name":"database"},"message":"Database Emulator logging to \u001b[1mdatabase-debug.log\u001b[22m"}}
[debug] [2021-07-31T19:45:14.148Z] 15:45:14.145 [NamespaceSystem-akka.actor.default-dispatcher-6] INFO akka.event.slf4j.Slf4jLogger - Slf4jLogger started
 {"metadata":{"emulator":{"name":"database"},"message":"15:45:14.145 [NamespaceSystem-akka.actor.default-dispatcher-6] INFO akka.event.slf4j.Slf4jLogger - Slf4jLogger started\r\n"}}
[debug] [2021-07-31T19:45:14.283Z] 15:45:14.282 [main] INFO com.firebase.server.forge.App$ - Listening at localhost:9000
 {"metadata":{"emulator":{"name":"database"},"message":"15:45:14.282 [main] INFO com.firebase.server.forge.App$ - Listening at localhost:9000\r\n"}}
[debug] [2021-07-31T19:45:14.486Z] >>> [apiv2][query] GET https://firebasehosting.googleapis.com/v1beta1/projects/ece1140/sites 
[debug] [2021-07-31T19:45:14.754Z] <<< [apiv2][status] GET https://firebasehosting.googleapis.com/v1beta1/projects/ece1140/sites 200
[debug] [2021-07-31T19:45:14.755Z] <<< [apiv2][body] GET https://firebasehosting.googleapis.com/v1beta1/projects/ece1140/sites {"sites":[{"name":"projects/605378678892/sites/ece1140","defaultUrl":"https://ece1140.web.app","type":"DEFAULT_SITE"}]}
[debug] [2021-07-31T19:45:14.755Z] >>> [apiv2][query] GET https://firebase.googleapis.com/v1beta1/projects/ece1140/webApps/-/config [none]
[debug] [2021-07-31T19:45:15.085Z] <<< [apiv2][status] GET https://firebase.googleapis.com/v1beta1/projects/ece1140/webApps/-/config 200
[debug] [2021-07-31T19:45:15.085Z] <<< [apiv2][body] GET https://firebase.googleapis.com/v1beta1/projects/ece1140/webApps/-/config {"projectId":"ece1140","appId":"1:605378678892:web:645efe33cf0597b2f40849","databaseURL":"https://ece1140-default-rtdb.firebaseio.com","storageBucket":"ece1140.appspot.com","apiKey":"AIzaSyCBn3bdnd0mHVJ_jZndJL-PzFdInaUxT9U","authDomain":"ece1140.firebaseapp.com","messagingSenderId":"605378678892","measurementId":"G-54DVYCZDPZ"}
[info] i  hosting: Serving hosting files from: build {"metadata":{"emulator":{"name":"hosting"},"message":"Serving hosting files from: \u001b[1mbuild\u001b[22m"}}
[info] +  hosting: Local server: http://localhost:5000 {"metadata":{"emulator":{"name":"hosting"},"message":"Local server: \u001b[4m\u001b[1mhttp://localhost:5000\u001b[22m\u001b[24m"}}
[info] i  ui: downloading ui-v1.6.0.zip... {"metadata":{"emulator":{"name":"ui"},"message":"downloading ui-v1.6.0.zip..."}}
[debug] [2021-07-31T19:45:15.202Z] >>> [apiv2][query] GET https://storage.googleapis.com/firebase-preview-drop/emulator/ui-v1.6.0.zip 
[debug] [2021-07-31T19:45:15.246Z] <<< [apiv2][status] GET https://storage.googleapis.com/firebase-preview-drop/emulator/ui-v1.6.0.zip 200
[debug] [2021-07-31T19:45:15.246Z] <<< [apiv2][body] GET https://storage.googleapis.com/firebase-preview-drop/emulator/ui-v1.6.0.zip [stream]
[debug] [2021-07-31T19:45:16.067Z] Ignoring unsupported arg: auto_download {"metadata":{"emulator":{"name":"ui"},"message":"Ignoring unsupported arg: auto_download"}}
[debug] [2021-07-31T19:45:16.068Z] Ignoring unsupported arg: port {"metadata":{"emulator":{"name":"ui"},"message":"Ignoring unsupported arg: port"}}
[debug] [2021-07-31T19:45:16.068Z] Starting Emulator UI with command {"binary":"node","args":["C:\\Users\\Benta\\.cache\\firebase\\emulators\\ui-v1.6.0\\server.bundle.js"],"optionalArgs":[],"joinArgs":false} {"metadata":{"emulator":{"name":"ui"},"message":"Starting Emulator UI with command {\"binary\":\"node\",\"args\":[\"C:\\\\Users\\\\Benta\\\\.cache\\\\firebase\\\\emulators\\\\ui-v1.6.0\\\\server.bundle.js\"],\"optionalArgs\":[],\"joinArgs\":false}"}}
[info] i  ui: Emulator UI logging to ui-debug.log {"metadata":{"emulator":{"name":"ui"},"message":"Emulator UI logging to \u001b[1mui-debug.log\u001b[22m"}}
[debug] [2021-07-31T19:45:16.191Z] Web / API server started at localhost:4000
 {"metadata":{"emulator":{"name":"ui"},"message":"Web / API server started at localhost:4000\n"}}
[info] i  functions: Watching "C:\Users\Benta\OneDrive\Desktop\TRAINS\1140\functions" for Cloud Functions... {"metadata":{"emulator":{"name":"functions"},"message":"Watching \"C:\\Users\\Benta\\OneDrive\\Desktop\\TRAINS\\1140\\functions\" for Cloud Functions..."}}
[debug] [2021-07-31T19:45:16.433Z] [worker-pool] addWorker(~diagnostic~) {"metadata":{"emulator":{"name":"functions"},"message":"[worker-pool] addWorker(~diagnostic~)"}}
[debug] [2021-07-31T19:45:16.433Z] [worker-pool] Adding worker with key ~diagnostic~, total=1 {"metadata":{"emulator":{"name":"functions"},"message":"[worker-pool] Adding worker with key ~diagnostic~, total=1"}}
[debug] [2021-07-31T19:45:16.433Z] [worker-pool] submitWork(triggerId=) {"metadata":{"emulator":{"name":"functions"},"message":"[worker-pool] submitWork(triggerId=)"}}
[debug] [2021-07-31T19:45:16.433Z] [worker-~diagnostic~-c5b2dbde-d3a8-40ee-a55d-397afd8d1fde]: Assigning socketPath: \\?\pipe\C:\Users\Benta\OneDrive\Desktop\TRAINS\1140\functions\10432 {"metadata":{"emulator":{"name":"functions"},"message":"[worker-~diagnostic~-c5b2dbde-d3a8-40ee-a55d-397afd8d1fde]: Assigning socketPath: \\\\?\\pipe\\C:\\Users\\Benta\\OneDrive\\Desktop\\TRAINS\\1140\\functions\\10432"}}
[debug] [2021-07-31T19:45:16.433Z] [worker-~diagnostic~-c5b2dbde-d3a8-40ee-a55d-397afd8d1fde]: BUSY {"metadata":{"emulator":{"name":"functions"},"message":"[worker-~diagnostic~-c5b2dbde-d3a8-40ee-a55d-397afd8d1fde]: BUSY"}}
[debug] [2021-07-31T19:45:16.607Z] [runtime-status] [10432] Functions runtime initialized. {"cwd":"C:\\Users\\Benta\\OneDrive\\Desktop\\TRAINS\\1140\\functions","node_version":"14.17.0"} {"metadata":{"emulator":{"name":"functions"},"message":"[runtime-status] [10432] Functions runtime initialized. {\"cwd\":\"C:\\\\Users\\\\Benta\\\\OneDrive\\\\Desktop\\\\TRAINS\\\\1140\\\\functions\",\"node_version\":\"14.17.0\"}"}}
[debug] [2021-07-31T19:45:16.607Z] [runtime-status] [10432] Disabled runtime features: undefined {"metadata":{"emulator":{"name":"functions"},"message":"[runtime-status] [10432] Disabled runtime features: undefined"}}
[debug] [2021-07-31T19:45:16.619Z] [runtime-status] [10432] Resolved module firebase-admin {"declared":true,"installed":true,"version":"9.9.0","resolution":"C:\\Users\\Benta\\OneDrive\\Desktop\\TRAINS\\1140\\functions\\node_modules\\firebase-admin\\lib\\index.js"} {"metadata":{"emulator":{"name":"functions"},"message":"[runtime-status] [10432] Resolved module firebase-admin {\"declared\":true,\"installed\":true,\"version\":\"9.9.0\",\"resolution\":\"C:\\\\Users\\\\Benta\\\\OneDrive\\\\Desktop\\\\TRAINS\\\\1140\\\\functions\\\\node_modules\\\\firebase-admin\\\\lib\\\\index.js\"}"}}
[debug] [2021-07-31T19:45:16.627Z] [runtime-status] [10432] Resolved module firebase-functions {"declared":true,"installed":true,"version":"3.14.1","resolution":"C:\\Users\\Benta\\OneDrive\\Desktop\\TRAINS\\1140\\functions\\node_modules\\firebase-functions\\lib\\index.js"} {"metadata":{"emulator":{"name":"functions"},"message":"[runtime-status] [10432] Resolved module firebase-functions {\"declared\":true,\"installed\":true,\"version\":\"3.14.1\",\"resolution\":\"C:\\\\Users\\\\Benta\\\\OneDrive\\\\Desktop\\\\TRAINS\\\\1140\\\\functions\\\\node_modules\\\\firebase-functions\\\\lib\\\\index.js\"}"}}
[debug] [2021-07-31T19:45:16.629Z] [runtime-status] [10432] Resolved module firebase-functions {"declared":true,"installed":true,"version":"3.14.1","resolution":"C:\\Users\\Benta\\OneDrive\\Desktop\\TRAINS\\1140\\functions\\node_modules\\firebase-functions\\lib\\index.js"} {"metadata":{"emulator":{"name":"functions"},"message":"[runtime-status] [10432] Resolved module firebase-functions {\"declared\":true,\"installed\":true,\"version\":\"3.14.1\",\"resolution\":\"C:\\\\Users\\\\Benta\\\\OneDrive\\\\Desktop\\\\TRAINS\\\\1140\\\\functions\\\\node_modules\\\\firebase-functions\\\\lib\\\\index.js\"}"}}
[debug] [2021-07-31T19:45:16.630Z] [runtime-status] [10432] Outgoing network have been stubbed. [{"name":"http","status":"mocked"},{"name":"http","status":"mocked"},{"name":"https","status":"mocked"},{"name":"https","status":"mocked"},{"name":"net","status":"mocked"}] {"metadata":{"emulator":{"name":"functions"},"message":"[runtime-status] [10432] Outgoing network have been stubbed. [{\"name\":\"http\",\"status\":\"mocked\"},{\"name\":\"http\",\"status\":\"mocked\"},{\"name\":\"https\",\"status\":\"mocked\"},{\"name\":\"https\",\"status\":\"mocked\"},{\"name\":\"net\",\"status\":\"mocked\"}]"}}
[debug] [2021-07-31T19:45:16.631Z] [runtime-status] [10432] Resolved module firebase-functions {"declared":true,"installed":true,"version":"3.14.1","resolution":"C:\\Users\\Benta\\OneDrive\\Desktop\\TRAINS\\1140\\functions\\node_modules\\firebase-functions\\lib\\index.js"} {"metadata":{"emulator":{"name":"functions"},"message":"[runtime-status] [10432] Resolved module firebase-functions {\"declared\":true,\"installed\":true,\"version\":\"3.14.1\",\"resolution\":\"C:\\\\Users\\\\Benta\\\\OneDrive\\\\Desktop\\\\TRAINS\\\\1140\\\\functions\\\\node_modules\\\\firebase-functions\\\\lib\\\\index.js\"}"}}
[debug] [2021-07-31T19:45:17.129Z] [runtime-status] [10432] Checked functions.config() {"config":{}} {"metadata":{"emulator":{"name":"functions"},"message":"[runtime-status] [10432] Checked functions.config() {\"config\":{}}"}}
[debug] [2021-07-31T19:45:17.130Z] [runtime-status] [10432] firebase-functions has been stubbed. {"functionsResolution":{"declared":true,"installed":true,"version":"3.14.1","resolution":"C:\\Users\\Benta\\OneDrive\\Desktop\\TRAINS\\1140\\functions\\node_modules\\firebase-functions\\lib\\index.js"}} {"metadata":{"emulator":{"name":"functions"},"message":"[runtime-status] [10432] firebase-functions has been stubbed. {\"functionsResolution\":{\"declared\":true,\"installed\":true,\"version\":\"3.14.1\",\"resolution\":\"C:\\\\Users\\\\Benta\\\\OneDrive\\\\Desktop\\\\TRAINS\\\\1140\\\\functions\\\\node_modules\\\\firebase-functions\\\\lib\\\\index.js\"}}"}}
[debug] [2021-07-31T19:45:17.130Z] [runtime-status] [10432] Resolved module firebase-functions {"declared":true,"installed":true,"version":"3.14.1","resolution":"C:\\Users\\Benta\\OneDrive\\Desktop\\TRAINS\\1140\\functions\\node_modules\\firebase-functions\\lib\\index.js"} {"metadata":{"emulator":{"name":"functions"},"message":"[runtime-status] [10432] Resolved module firebase-functions {\"declared\":true,\"installed\":true,\"version\":\"3.14.1\",\"resolution\":\"C:\\\\Users\\\\Benta\\\\OneDrive\\\\Desktop\\\\TRAINS\\\\1140\\\\functions\\\\node_modules\\\\firebase-functions\\\\lib\\\\index.js\"}"}}
[debug] [2021-07-31T19:45:17.131Z] [runtime-status] [10432] Resolved module firebase-admin {"declared":true,"installed":true,"version":"9.9.0","resolution":"C:\\Users\\Benta\\OneDrive\\Desktop\\TRAINS\\1140\\functions\\node_modules\\firebase-admin\\lib\\index.js"} {"metadata":{"emulator":{"name":"functions"},"message":"[runtime-status] [10432] Resolved module firebase-admin {\"declared\":true,\"installed\":true,\"version\":\"9.9.0\",\"resolution\":\"C:\\\\Users\\\\Benta\\\\OneDrive\\\\Desktop\\\\TRAINS\\\\1140\\\\functions\\\\node_modules\\\\firebase-admin\\\\lib\\\\index.js\"}"}}
[debug] [2021-07-31T19:45:17.131Z] [runtime-status] [10432] Resolved module firebase-functions {"declared":true,"installed":true,"version":"3.14.1","resolution":"C:\\Users\\Benta\\OneDrive\\Desktop\\TRAINS\\1140\\functions\\node_modules\\firebase-functions\\lib\\index.js"} {"metadata":{"emulator":{"name":"functions"},"message":"[runtime-status] [10432] Resolved module firebase-functions {\"declared\":true,\"installed\":true,\"version\":\"3.14.1\",\"resolution\":\"C:\\\\Users\\\\Benta\\\\OneDrive\\\\Desktop\\\\TRAINS\\\\1140\\\\functions\\\\node_modules\\\\firebase-functions\\\\lib\\\\index.js\"}"}}
[debug] [2021-07-31T19:45:17.132Z] [runtime-status] [10432] firebase-admin has been stubbed. {"adminResolution":{"declared":true,"installed":true,"version":"9.9.0","resolution":"C:\\Users\\Benta\\OneDrive\\Desktop\\TRAINS\\1140\\functions\\node_modules\\firebase-admin\\lib\\index.js"}} {"metadata":{"emulator":{"name":"functions"},"message":"[runtime-status] [10432] firebase-admin has been stubbed. {\"adminResolution\":{\"declared\":true,\"installed\":true,\"version\":\"9.9.0\",\"resolution\":\"C:\\\\Users\\\\Benta\\\\OneDrive\\\\Desktop\\\\TRAINS\\\\1140\\\\functions\\\\node_modules\\\\firebase-admin\\\\lib\\\\index.js\"}}"}}
[debug] [2021-07-31T19:45:17.159Z] [runtime-status] [10432] initializeApp(DEFAULT) {"storageBucket":"ece1140.appspot.com","databaseURL":"http://localhost:9000/?ns=ece1140-default-rtdb","projectId":"ece1140"} {"metadata":{"emulator":{"name":"functions"},"message":"[runtime-status] [10432] initializeApp(DEFAULT) {\"storageBucket\":\"ece1140.appspot.com\",\"databaseURL\":\"http://localhost:9000/?ns=ece1140-default-rtdb\",\"projectId\":\"ece1140\"}"}}
[debug] [2021-07-31T19:45:17.205Z] addRealtimeDatabaseTrigger[ece1140-default-rtdb] "{\"name\":\"projects/ece1140/locations/_/functions/us-central1-onEDoorUpdate-0\",\"path\":\"/TrainList/{trainId}/EDoorStatus\",\"event\":\"providers/google.firebase.database/eventTypes/ref.update\",\"topic\":\"projects/ece1140/topics/us-central1-onEDoorUpdate-0\"}"
[debug] [2021-07-31T19:45:17.205Z] >>> HTTP REQUEST POST http://localhost:9000/.settings/functionTriggers.json?ns=ece1140-default-rtdb  
 {"name":"projects/ece1140/locations/_/functions/us-central1-onEDoorUpdate-0","path":"/TrainList/{trainId}/EDoorStatus","event":"providers/google.firebase.database/eventTypes/ref.update","topic":"projects/ece1140/topics/us-central1-onEDoorUpdate-0"}
[debug] [2021-07-31T19:45:17.206Z] [worker-~diagnostic~-c5b2dbde-d3a8-40ee-a55d-397afd8d1fde]: IDLE {"metadata":{"emulator":{"name":"functions"},"message":"[worker-~diagnostic~-c5b2dbde-d3a8-40ee-a55d-397afd8d1fde]: IDLE"}}
[debug] [2021-07-31T19:45:17.641Z] <<< HTTP RESPONSE 200 {"content-length":"15","content-type":"application/json; charset=utf-8","access-control-allow-origin":"*","cache-control":"no-cache","x-firebase-project-id":"ece1140-default-rtdb","x-firebase-project-number":"123456789","x-firebase-uuid":"6b03bc02-af9d-433f-9d0c-93b3abf75e87"}
[info] +  functions[us-central1-onEDoorUpdate]: database function initialized. {"metadata":{"emulator":{"name":"functions"},"message":"\u001b[1mdatabase\u001b[22m function initialized."}}
[debug] [2021-07-31T19:45:17.642Z] addRealtimeDatabaseTrigger[ece1140-default-rtdb] "{\"name\":\"projects/ece1140/locations/_/functions/us-central1-changeTrainLength-0\",\"path\":\"/TrainList/{trainId}/CarCount\",\"event\":\"providers/google.firebase.database/eventTypes/ref.update\",\"topic\":\"projects/ece1140/topics/us-central1-changeTrainLength-0\"}"
[debug] [2021-07-31T19:45:17.642Z] >>> HTTP REQUEST POST http://localhost:9000/.settings/functionTriggers.json?ns=ece1140-default-rtdb  
 {"name":"projects/ece1140/locations/_/functions/us-central1-changeTrainLength-0","path":"/TrainList/{trainId}/CarCount","event":"providers/google.firebase.database/eventTypes/ref.update","topic":"projects/ece1140/topics/us-central1-changeTrainLength-0"}
[debug] [2021-07-31T19:45:17.655Z] <<< HTTP RESPONSE 200 {"content-length":"15","content-type":"application/json; charset=utf-8","access-control-allow-origin":"*","cache-control":"no-cache","x-firebase-project-id":"ece1140-default-rtdb","x-firebase-project-number":"123456789","x-firebase-uuid":"6b03bc02-af9d-433f-9d0c-93b3abf75e87"}
[info] +  functions[us-central1-changeTrainLength]: database function initialized. {"metadata":{"emulator":{"name":"functions"},"message":"\u001b[1mdatabase\u001b[22m function initialized."}}
[debug] [2021-07-31T19:45:17.656Z] addRealtimeDatabaseTrigger[ece1140-default-rtdb] "{\"name\":\"projects/ece1140/locations/_/functions/us-central1-changePassengers-0\",\"path\":\"/TrainList/{trainId}/Passengers\",\"event\":\"providers/google.firebase.database/eventTypes/ref.update\",\"topic\":\"projects/ece1140/topics/us-central1-changePassengers-0\"}"
[debug] [2021-07-31T19:45:17.657Z] >>> HTTP REQUEST POST http://localhost:9000/.settings/functionTriggers.json?ns=ece1140-default-rtdb  
 {"name":"projects/ece1140/locations/_/functions/us-central1-changePassengers-0","path":"/TrainList/{trainId}/Passengers","event":"providers/google.firebase.database/eventTypes/ref.update","topic":"projects/ece1140/topics/us-central1-changePassengers-0"}
[debug] [2021-07-31T19:45:17.663Z] <<< HTTP RESPONSE 200 {"content-length":"15","content-type":"application/json; charset=utf-8","access-control-allow-origin":"*","cache-control":"no-cache","x-firebase-project-id":"ece1140-default-rtdb","x-firebase-project-number":"123456789","x-firebase-uuid":"6b03bc02-af9d-433f-9d0c-93b3abf75e87"}
[info] +  functions[us-central1-changePassengers]: database function initialized. {"metadata":{"emulator":{"name":"functions"},"message":"\u001b[1mdatabase\u001b[22m function initialized."}}
[debug] [2021-07-31T19:45:17.664Z] addRealtimeDatabaseTrigger[ece1140-default-rtdb] "{\"name\":\"projects/ece1140/locations/_/functions/us-central1-trainAdded-0\",\"path\":\"/TrainList/{trainId}\",\"event\":\"providers/google.firebase.database/eventTypes/ref.create\",\"topic\":\"projects/ece1140/topics/us-central1-trainAdded-0\"}"
[debug] [2021-07-31T19:45:17.664Z] >>> HTTP REQUEST POST http://localhost:9000/.settings/functionTriggers.json?ns=ece1140-default-rtdb  
 {"name":"projects/ece1140/locations/_/functions/us-central1-trainAdded-0","path":"/TrainList/{trainId}","event":"providers/google.firebase.database/eventTypes/ref.create","topic":"projects/ece1140/topics/us-central1-trainAdded-0"}
[debug] [2021-07-31T19:45:17.675Z] <<< HTTP RESPONSE 200 {"content-length":"15","content-type":"application/json; charset=utf-8","access-control-allow-origin":"*","cache-control":"no-cache","x-firebase-project-id":"ece1140-default-rtdb","x-firebase-project-number":"123456789","x-firebase-uuid":"6b03bc02-af9d-433f-9d0c-93b3abf75e87"}
[info] +  functions[us-central1-trainAdded]: database function initialized. {"metadata":{"emulator":{"name":"functions"},"message":"\u001b[1mdatabase\u001b[22m function initialized."}}
[debug] [2021-07-31T19:45:17.676Z] addRealtimeDatabaseTrigger[ece1140-default-rtdb] "{\"name\":\"projects/ece1140/locations/_/functions/us-central1-trainRemoved-0\",\"path\":\"/TrainList/{trainId}\",\"event\":\"providers/google.firebase.database/eventTypes/ref.delete\",\"topic\":\"projects/ece1140/topics/us-central1-trainRemoved-0\"}"
[debug] [2021-07-31T19:45:17.676Z] >>> HTTP REQUEST POST http://localhost:9000/.settings/functionTriggers.json?ns=ece1140-default-rtdb  
 {"name":"projects/ece1140/locations/_/functions/us-central1-trainRemoved-0","path":"/TrainList/{trainId}","event":"providers/google.firebase.database/eventTypes/ref.delete","topic":"projects/ece1140/topics/us-central1-trainRemoved-0"}
[debug] [2021-07-31T19:45:17.684Z] <<< HTTP RESPONSE 200 {"content-length":"15","content-type":"application/json; charset=utf-8","access-control-allow-origin":"*","cache-control":"no-cache","x-firebase-project-id":"ece1140-default-rtdb","x-firebase-project-number":"123456789","x-firebase-uuid":"6b03bc02-af9d-433f-9d0c-93b3abf75e87"}
[info] +  functions[us-central1-trainRemoved]: database function initialized. {"metadata":{"emulator":{"name":"functions"},"message":"\u001b[1mdatabase\u001b[22m function initialized."}}
[debug] [2021-07-31T19:45:17.685Z] addRealtimeDatabaseTrigger[ece1140-default-rtdb] "{\"name\":\"projects/ece1140/locations/_/functions/us-central1-onBrakeFailure-0\",\"path\":\"/TrainList/{trainId}/BrakeFailure\",\"event\":\"providers/google.firebase.database/eventTypes/ref.update\",\"topic\":\"projects/ece1140/topics/us-central1-onBrakeFailure-0\"}"
[debug] [2021-07-31T19:45:17.685Z] >>> HTTP REQUEST POST http://localhost:9000/.settings/functionTriggers.json?ns=ece1140-default-rtdb  
 {"name":"projects/ece1140/locations/_/functions/us-central1-onBrakeFailure-0","path":"/TrainList/{trainId}/BrakeFailure","event":"providers/google.firebase.database/eventTypes/ref.update","topic":"projects/ece1140/topics/us-central1-onBrakeFailure-0"}
[debug] [2021-07-31T19:45:17.692Z] <<< HTTP RESPONSE 200 {"content-length":"15","content-type":"application/json; charset=utf-8","access-control-allow-origin":"*","cache-control":"no-cache","x-firebase-project-id":"ece1140-default-rtdb","x-firebase-project-number":"123456789","x-firebase-uuid":"6b03bc02-af9d-433f-9d0c-93b3abf75e87"}
[info] +  functions[us-central1-onBrakeFailure]: database function initialized. {"metadata":{"emulator":{"name":"functions"},"message":"\u001b[1mdatabase\u001b[22m function initialized."}}
[debug] [2021-07-31T19:45:17.693Z] addRealtimeDatabaseTrigger[ece1140-default-rtdb] "{\"name\":\"projects/ece1140/locations/_/functions/us-central1-onEngineFailure-0\",\"path\":\"/TrainList/{trainId}/EngineFailure\",\"event\":\"providers/google.firebase.database/eventTypes/ref.update\",\"topic\":\"projects/ece1140/topics/us-central1-onEngineFailure-0\"}"
[debug] [2021-07-31T19:45:17.693Z] >>> HTTP REQUEST POST http://localhost:9000/.settings/functionTriggers.json?ns=ece1140-default-rtdb  
 {"name":"projects/ece1140/locations/_/functions/us-central1-onEngineFailure-0","path":"/TrainList/{trainId}/EngineFailure","event":"providers/google.firebase.database/eventTypes/ref.update","topic":"projects/ece1140/topics/us-central1-onEngineFailure-0"}
[debug] [2021-07-31T19:45:17.700Z] <<< HTTP RESPONSE 200 {"content-length":"15","content-type":"application/json; charset=utf-8","access-control-allow-origin":"*","cache-control":"no-cache","x-firebase-project-id":"ece1140-default-rtdb","x-firebase-project-number":"123456789","x-firebase-uuid":"6b03bc02-af9d-433f-9d0c-93b3abf75e87"}
[info] +  functions[us-central1-onEngineFailure]: database function initialized. {"metadata":{"emulator":{"name":"functions"},"message":"\u001b[1mdatabase\u001b[22m function initialized."}}
[debug] [2021-07-31T19:45:17.702Z] addRealtimeDatabaseTrigger[ece1140-default-rtdb] "{\"name\":\"projects/ece1140/locations/_/functions/us-central1-onSignalFailure-0\",\"path\":\"/TrainList/{trainId}/SignalFailure\",\"event\":\"providers/google.firebase.database/eventTypes/ref.update\",\"topic\":\"projects/ece1140/topics/us-central1-onSignalFailure-0\"}"
[debug] [2021-07-31T19:45:17.702Z] >>> HTTP REQUEST POST http://localhost:9000/.settings/functionTriggers.json?ns=ece1140-default-rtdb  
 {"name":"projects/ece1140/locations/_/functions/us-central1-onSignalFailure-0","path":"/TrainList/{trainId}/SignalFailure","event":"providers/google.firebase.database/eventTypes/ref.update","topic":"projects/ece1140/topics/us-central1-onSignalFailure-0"}
[debug] [2021-07-31T19:45:17.709Z] <<< HTTP RESPONSE 200 {"content-length":"15","content-type":"application/json; charset=utf-8","access-control-allow-origin":"*","cache-control":"no-cache","x-firebase-project-id":"ece1140-default-rtdb","x-firebase-project-number":"123456789","x-firebase-uuid":"6b03bc02-af9d-433f-9d0c-93b3abf75e87"}
[info] +  functions[us-central1-onSignalFailure]: database function initialized. {"metadata":{"emulator":{"name":"functions"},"message":"\u001b[1mdatabase\u001b[22m function initialized."}}
[debug] [2021-07-31T19:45:17.710Z] addRealtimeDatabaseTrigger[ece1140-default-rtdb] "{\"name\":\"projects/ece1140/locations/_/functions/us-central1-onIntTempChange-0\",\"path\":\"/TrainList/{trainId}/InternalTemperature\",\"event\":\"providers/google.firebase.database/eventTypes/ref.update\",\"topic\":\"projects/ece1140/topics/us-central1-onIntTempChange-0\"}"
[debug] [2021-07-31T19:45:17.710Z] >>> HTTP REQUEST POST http://localhost:9000/.settings/functionTriggers.json?ns=ece1140-default-rtdb  
 {"name":"projects/ece1140/locations/_/functions/us-central1-onIntTempChange-0","path":"/TrainList/{trainId}/InternalTemperature","event":"providers/google.firebase.database/eventTypes/ref.update","topic":"projects/ece1140/topics/us-central1-onIntTempChange-0"}
[debug] [2021-07-31T19:45:17.717Z] <<< HTTP RESPONSE 200 {"content-length":"15","content-type":"application/json; charset=utf-8","access-control-allow-origin":"*","cache-control":"no-cache","x-firebase-project-id":"ece1140-default-rtdb","x-firebase-project-number":"123456789","x-firebase-uuid":"6b03bc02-af9d-433f-9d0c-93b3abf75e87"}
[info] +  functions[us-central1-onIntTempChange]: database function initialized. {"metadata":{"emulator":{"name":"functions"},"message":"\u001b[1mdatabase\u001b[22m function initialized."}}
[debug] [2021-07-31T19:45:17.718Z] addRealtimeDatabaseTrigger[ece1140-default-rtdb] "{\"name\":\"projects/ece1140/locations/_/functions/us-central1-onDoorOpen-0\",\"path\":\"/TrainList/{trainId}/EDoorStatus\",\"event\":\"providers/google.firebase.database/eventTypes/ref.update\",\"topic\":\"projects/ece1140/topics/us-central1-onDoorOpen-0\"}"
[debug] [2021-07-31T19:45:17.718Z] >>> HTTP REQUEST POST http://localhost:9000/.settings/functionTriggers.json?ns=ece1140-default-rtdb  
 {"name":"projects/ece1140/locations/_/functions/us-central1-onDoorOpen-0","path":"/TrainList/{trainId}/EDoorStatus","event":"providers/google.firebase.database/eventTypes/ref.update","topic":"projects/ece1140/topics/us-central1-onDoorOpen-0"}
[debug] [2021-07-31T19:45:17.725Z] <<< HTTP RESPONSE 200 {"content-length":"15","content-type":"application/json; charset=utf-8","access-control-allow-origin":"*","cache-control":"no-cache","x-firebase-project-id":"ece1140-default-rtdb","x-firebase-project-number":"123456789","x-firebase-uuid":"6b03bc02-af9d-433f-9d0c-93b3abf75e87"}
[info] +  functions[us-central1-onDoorOpen]: database function initialized. {"metadata":{"emulator":{"name":"functions"},"message":"\u001b[1mdatabase\u001b[22m function initialized."}}
[debug] [2021-07-31T19:45:17.726Z] addRealtimeDatabaseTrigger[ece1140-default-rtdb] "{\"name\":\"projects/ece1140/locations/_/functions/us-central1-onCTCTrainCurrentBlockChange-0\",\"path\":\"/TrainList/{trainId}/CurrentBlock\",\"event\":\"providers/google.firebase.database/eventTypes/ref.update\",\"topic\":\"projects/ece1140/topics/us-central1-onCTCTrainCurrentBlockChange-0\"}"
[debug] [2021-07-31T19:45:17.726Z] >>> HTTP REQUEST POST http://localhost:9000/.settings/functionTriggers.json?ns=ece1140-default-rtdb  
 {"name":"projects/ece1140/locations/_/functions/us-central1-onCTCTrainCurrentBlockChange-0","path":"/TrainList/{trainId}/CurrentBlock","event":"providers/google.firebase.database/eventTypes/ref.update","topic":"projects/ece1140/topics/us-central1-onCTCTrainCurrentBlockChange-0"}
[debug] [2021-07-31T19:45:17.737Z] <<< HTTP RESPONSE 200 {"content-length":"15","content-type":"application/json; charset=utf-8","access-control-allow-origin":"*","cache-control":"no-cache","x-firebase-project-id":"ece1140-default-rtdb","x-firebase-project-number":"123456789","x-firebase-uuid":"6b03bc02-af9d-433f-9d0c-93b3abf75e87"}
[info] +  functions[us-central1-onCTCTrainCurrentBlockChange]: database function initialized. {"metadata":{"emulator":{"name":"functions"},"message":"\u001b[1mdatabase\u001b[22m function initialized."}}
[debug] [2021-07-31T19:45:17.744Z] >>> HTTP REQUEST PUT http://localhost:9000/.settings/rules.json?ns=ece1140-default-rtdb  
 {
  "rules": {
    ".read": true,
    ".write": true,
  }
}
[debug] [2021-07-31T19:45:17.767Z] <<< HTTP RESPONSE 200 {"content-length":"15","content-type":"application/json; charset=utf-8","access-control-allow-origin":"*","cache-control":"no-cache","x-firebase-project-id":"ece1140-default-rtdb","x-firebase-project-number":"123456789","x-firebase-uuid":"6b03bc02-af9d-433f-9d0c-93b3abf75e87"}
[info] 
┌─────────────────────────────────────────────────────────────┐
│ ✔  All emulators ready! It is now safe to connect your app. │
│ i  View Emulator UI at http://localhost:4000                │
└─────────────────────────────────────────────────────────────┘

┌───────────┬────────────────┬─────────────────────────────────┐
│ Emulator  │ Host:Port      │ View in Emulator UI             │
├───────────┼────────────────┼─────────────────────────────────┤
│ Functions │ localhost:5001 │ http://localhost:4000/functions │
├───────────┼────────────────┼─────────────────────────────────┤
│ Database  │ localhost:9000 │ http://localhost:4000/database  │
├───────────┼────────────────┼─────────────────────────────────┤
│ Hosting   │ localhost:5000 │ n/a                             │
└───────────┴────────────────┴─────────────────────────────────┘
  Emulator Hub running at localhost:4400
  Other reserved ports: 4500

Issues? Report them at https://github.com/firebase/firebase-tools/issues and attach the *-debug.log files.
 
